<?xml version="1.0" encoding="UTF-8" ?>
<testsuite tests="1" failures="0" name="com.cts.training.test.UserUnitTest" time="1.159" errors="1" skipped="0">
  <properties>
    <property name="java.runtime.name" value="Java(TM) SE Runtime Environment"/>
    <property name="sun.boot.library.path" value="C:\Program Files\Java\jdk1.8.0_231\jre\bin"/>
    <property name="java.vm.version" value="25.231-b11"/>
    <property name="java.vm.vendor" value="Oracle Corporation"/>
    <property name="maven.multiModuleProjectDirectory" value="C:\Users\Dell\eclipse-workspace\Daily-Work\Day34StockExchange"/>
    <property name="java.vendor.url" value="http://java.oracle.com/"/>
    <property name="path.separator" value=";"/>
    <property name="guice.disable.misplaced.annotation.check" value="true"/>
    <property name="java.vm.name" value="Java HotSpot(TM) 64-Bit Server VM"/>
    <property name="file.encoding.pkg" value="sun.io"/>
    <property name="user.script" value=""/>
    <property name="user.country" value="IN"/>
    <property name="sun.java.launcher" value="SUN_STANDARD"/>
    <property name="sun.os.patch.level" value=""/>
    <property name="java.vm.specification.name" value="Java Virtual Machine Specification"/>
    <property name="user.dir" value="C:\Users\Dell\eclipse-workspace\Daily-Work\Day34StockExchange"/>
    <property name="java.runtime.version" value="1.8.0_231-b11"/>
    <property name="java.awt.graphicsenv" value="sun.awt.Win32GraphicsEnvironment"/>
    <property name="java.endorsed.dirs" value="C:\Program Files\Java\jdk1.8.0_231\jre\lib\endorsed"/>
    <property name="os.arch" value="amd64"/>
    <property name="java.io.tmpdir" value="C:\Users\Dell\AppData\Local\Temp\"/>
    <property name="line.separator" value="
"/>
    <property name="java.vm.specification.vendor" value="Oracle Corporation"/>
    <property name="user.variant" value=""/>
    <property name="os.name" value="Windows 10"/>
    <property name="classworlds.conf" value="C:\Users\Dell\eclipse-workspace\Daily-Work\.metadata\.plugins\org.eclipse.m2e.launching\launches\m2conf4304861171196873341.tmp"/>
    <property name="sun.jnu.encoding" value="Cp1252"/>
    <property name="java.library.path" value="C:\Program Files\Java\jdk1.8.0_231\bin;C:\Windows\Sun\Java\bin;C:\Windows\system32;C:\Windows;C:/Program Files/Java/jre1.8.0_231/bin/server;C:/Program Files/Java/jre1.8.0_231/bin;C:/Program Files/Java/jre1.8.0_231/lib/amd64;C:\Python27\;C:\Python27\Scripts;C:\Program Files (x86)\Common Files\Oracle\Java\javapath;C:\Windows\system32;C:\Windows;C:\Windows\System32\Wbem;C:\Windows\System32\WindowsPowerShell\v1.0\;C:\Windows\System32\OpenSSH\;C:\Users\Dell\AppData\Local\GitHubDesktop\app-2.2.4\resources\app\git\cmd;C:\Program Files\Java\jdk1.8.0_231\bin;C:\Program Files\nodejs\;C:\ProgramData\chocolatey\bin;C:\Program Files\MySQL\MySQL Shell 8.0\bin\;C:\Users\Dell\AppData\Local\Programs\Microsoft VS Code\bin;C:\Users\Dell\AppData\Roaming\npm;C:\Users\Dell\Desktop\Java\apache-maven-3.6.1-bin\apache-maven-3.6.1\bin;;C:\Users\Dell\Desktop;;."/>
    <property name="java.specification.name" value="Java Platform API Specification"/>
    <property name="java.class.version" value="52.0"/>
    <property name="sun.management.compiler" value="HotSpot 64-Bit Tiered Compilers"/>
    <property name="os.version" value="10.0"/>
    <property name="user.home" value="C:\Users\Dell"/>
    <property name="user.timezone" value="Asia/Calcutta"/>
    <property name="java.awt.printerjob" value="sun.awt.windows.WPrinterJob"/>
    <property name="java.specification.version" value="1.8"/>
    <property name="file.encoding" value="Cp1252"/>
    <property name="user.name" value="Dell"/>
    <property name="java.class.path" value="C:\Users\Dell\.p2\pool\plugins\org.eclipse.m2e.maven.runtime_1.12.0.20190529-1915\jars\plexus-classworlds-2.6.0.jar"/>
    <property name="java.vm.specification.version" value="1.8"/>
    <property name="sun.arch.data.model" value="64"/>
    <property name="java.home" value="C:\Program Files\Java\jdk1.8.0_231\jre"/>
    <property name="sun.java.command" value="org.codehaus.plexus.classworlds.launcher.Launcher -B install"/>
    <property name="java.specification.vendor" value="Oracle Corporation"/>
    <property name="user.language" value="en"/>
    <property name="awt.toolkit" value="sun.awt.windows.WToolkit"/>
    <property name="java.vm.info" value="mixed mode"/>
    <property name="java.version" value="1.8.0_231"/>
    <property name="java.ext.dirs" value="C:\Program Files\Java\jdk1.8.0_231\jre\lib\ext;C:\Windows\Sun\Java\lib\ext"/>
    <property name="sun.boot.class.path" value="C:\Program Files\Java\jdk1.8.0_231\jre\lib\resources.jar;C:\Program Files\Java\jdk1.8.0_231\jre\lib\rt.jar;C:\Program Files\Java\jdk1.8.0_231\jre\lib\sunrsasign.jar;C:\Program Files\Java\jdk1.8.0_231\jre\lib\jsse.jar;C:\Program Files\Java\jdk1.8.0_231\jre\lib\jce.jar;C:\Program Files\Java\jdk1.8.0_231\jre\lib\charsets.jar;C:\Program Files\Java\jdk1.8.0_231\jre\lib\jfr.jar;C:\Program Files\Java\jdk1.8.0_231\jre\classes"/>
    <property name="java.vendor" value="Oracle Corporation"/>
    <property name="maven.home" value="C:\Users\Dell\eclipse-workspace\Daily-Work\Day34StockExchange\EMBEDDED"/>
    <property name="file.separator" value="\"/>
    <property name="java.vendor.url.bug" value="http://bugreport.sun.com/bugreport/"/>
    <property name="sun.cpu.endian" value="little"/>
    <property name="sun.io.unicode.encoding" value="UnicodeLittle"/>
    <property name="sun.desktop" value="windows"/>
    <property name="sun.cpu.isalist" value="amd64"/>
  </properties>
  <testcase classname="com.cts.training.test.UserUnitTest" name="com.cts.training.test.UserUnitTest" time="1.159">
    <error message="Error creating bean with name &apos;userDAO&apos;: Unsatisfied dependency expressed through field &apos;sessionFactory&apos;; nested exception is org.springframework.beans.factory.BeanCreationException: Error creating bean with name &apos;sessionFactory&apos; defined in com.cts.training.config.HibernateConfiguration: Bean instantiation via factory method failed; nested exception is org.springframework.beans.BeanInstantiationException: Failed to instantiate [org.springframework.orm.hibernate5.LocalSessionFactoryBean]: Factory method &apos;sessionFactory&apos; threw exception; nested exception is java.lang.StackOverflowError" type="org.springframework.beans.factory.UnsatisfiedDependencyException">org.springframework.beans.factory.UnsatisfiedDependencyException: Error creating bean with name &apos;userDAO&apos;: Unsatisfied dependency expressed through field &apos;sessionFactory&apos;; nested exception is org.springframework.beans.factory.BeanCreationException: Error creating bean with name &apos;sessionFactory&apos; defined in com.cts.training.config.HibernateConfiguration: Bean instantiation via factory method failed; nested exception is org.springframework.beans.BeanInstantiationException: Failed to instantiate [org.springframework.orm.hibernate5.LocalSessionFactoryBean]: Factory method &apos;sessionFactory&apos; threw exception; nested exception is java.lang.StackOverflowError
	at org.springframework.beans.factory.annotation.AutowiredAnnotationBeanPostProcessor$AutowiredFieldElement.inject(AutowiredAnnotationBeanPostProcessor.java:643)
	at org.springframework.beans.factory.annotation.InjectionMetadata.inject(InjectionMetadata.java:116)
	at org.springframework.beans.factory.annotation.AutowiredAnnotationBeanPostProcessor.postProcessProperties(AutowiredAnnotationBeanPostProcessor.java:399)
	at org.springframework.beans.factory.support.AbstractAutowireCapableBeanFactory.populateBean(AbstractAutowireCapableBeanFactory.java:1422)
	at org.springframework.beans.factory.support.AbstractAutowireCapableBeanFactory.doCreateBean(AbstractAutowireCapableBeanFactory.java:594)
	at org.springframework.beans.factory.support.AbstractAutowireCapableBeanFactory.createBean(AbstractAutowireCapableBeanFactory.java:517)
	at org.springframework.beans.factory.support.AbstractBeanFactory.lambda$doGetBean$0(AbstractBeanFactory.java:323)
	at org.springframework.beans.factory.support.DefaultSingletonBeanRegistry.getSingleton(DefaultSingletonBeanRegistry.java:222)
	at org.springframework.beans.factory.support.AbstractBeanFactory.doGetBean(AbstractBeanFactory.java:321)
	at org.springframework.beans.factory.support.AbstractBeanFactory.getBean(AbstractBeanFactory.java:202)
	at org.springframework.beans.factory.support.DefaultListableBeanFactory.preInstantiateSingletons(DefaultListableBeanFactory.java:879)
	at org.springframework.context.support.AbstractApplicationContext.finishBeanFactoryInitialization(AbstractApplicationContext.java:878)
	at org.springframework.context.support.AbstractApplicationContext.refresh(AbstractApplicationContext.java:550)
	at com.cts.training.test.UserUnitTest.init(UserUnitTest.java:27)
	at sun.reflect.NativeMethodAccessorImpl.invoke0(Native Method)
	at sun.reflect.NativeMethodAccessorImpl.invoke(NativeMethodAccessorImpl.java:62)
	at sun.reflect.DelegatingMethodAccessorImpl.invoke(DelegatingMethodAccessorImpl.java:43)
	at java.lang.reflect.Method.invoke(Method.java:498)
	at org.junit.runners.model.FrameworkMethod$1.runReflectiveCall(FrameworkMethod.java:50)
	at org.junit.internal.runners.model.ReflectiveCallable.run(ReflectiveCallable.java:12)
	at org.junit.runners.model.FrameworkMethod.invokeExplosively(FrameworkMethod.java:47)
	at org.junit.internal.runners.statements.RunBefores.evaluate(RunBefores.java:24)
	at org.junit.runners.ParentRunner.run(ParentRunner.java:363)
	at org.apache.maven.surefire.junit4.JUnit4Provider.execute(JUnit4Provider.java:252)
	at org.apache.maven.surefire.junit4.JUnit4Provider.executeTestSet(JUnit4Provider.java:141)
	at org.apache.maven.surefire.junit4.JUnit4Provider.invoke(JUnit4Provider.java:112)
	at sun.reflect.NativeMethodAccessorImpl.invoke0(Native Method)
	at sun.reflect.NativeMethodAccessorImpl.invoke(NativeMethodAccessorImpl.java:62)
	at sun.reflect.DelegatingMethodAccessorImpl.invoke(DelegatingMethodAccessorImpl.java:43)
	at java.lang.reflect.Method.invoke(Method.java:498)
	at org.apache.maven.surefire.util.ReflectionUtils.invokeMethodWithArray(ReflectionUtils.java:189)
	at org.apache.maven.surefire.booter.ProviderFactory$ProviderProxy.invoke(ProviderFactory.java:165)
	at org.apache.maven.surefire.booter.ProviderFactory.invokeProvider(ProviderFactory.java:85)
	at org.apache.maven.surefire.booter.ForkedBooter.runSuitesInProcess(ForkedBooter.java:115)
	at org.apache.maven.surefire.booter.ForkedBooter.main(ForkedBooter.java:75)
Caused by: org.springframework.beans.factory.BeanCreationException: Error creating bean with name &apos;sessionFactory&apos; defined in com.cts.training.config.HibernateConfiguration: Bean instantiation via factory method failed; nested exception is org.springframework.beans.BeanInstantiationException: Failed to instantiate [org.springframework.orm.hibernate5.LocalSessionFactoryBean]: Factory method &apos;sessionFactory&apos; threw exception; nested exception is java.lang.StackOverflowError
	at org.springframework.beans.factory.support.ConstructorResolver.instantiate(ConstructorResolver.java:656)
	at org.springframework.beans.factory.support.ConstructorResolver.instantiateUsingFactoryMethod(ConstructorResolver.java:484)
	at org.springframework.beans.factory.support.AbstractAutowireCapableBeanFactory.instantiateUsingFactoryMethod(AbstractAutowireCapableBeanFactory.java:1338)
	at org.springframework.beans.factory.support.AbstractAutowireCapableBeanFactory.createBeanInstance(AbstractAutowireCapableBeanFactory.java:1177)
	at org.springframework.beans.factory.support.AbstractAutowireCapableBeanFactory.doCreateBean(AbstractAutowireCapableBeanFactory.java:557)
	at org.springframework.beans.factory.support.AbstractAutowireCapableBeanFactory.createBean(AbstractAutowireCapableBeanFactory.java:517)
	at org.springframework.beans.factory.support.AbstractBeanFactory.lambda$doGetBean$0(AbstractBeanFactory.java:323)
	at org.springframework.beans.factory.support.DefaultSingletonBeanRegistry.getSingleton(DefaultSingletonBeanRegistry.java:222)
	at org.springframework.beans.factory.support.AbstractBeanFactory.doGetBean(AbstractBeanFactory.java:321)
	at org.springframework.beans.factory.support.AbstractBeanFactory.getBean(AbstractBeanFactory.java:202)
	at org.springframework.beans.factory.config.DependencyDescriptor.resolveCandidate(DependencyDescriptor.java:276)
	at org.springframework.beans.factory.support.DefaultListableBeanFactory.doResolveDependency(DefaultListableBeanFactory.java:1287)
	at org.springframework.beans.factory.support.DefaultListableBeanFactory.resolveDependency(DefaultListableBeanFactory.java:1207)
	at org.springframework.beans.factory.annotation.AutowiredAnnotationBeanPostProcessor$AutowiredFieldElement.inject(AutowiredAnnotationBeanPostProcessor.java:640)
	... 34 more
Caused by: org.springframework.beans.BeanInstantiationException: Failed to instantiate [org.springframework.orm.hibernate5.LocalSessionFactoryBean]: Factory method &apos;sessionFactory&apos; threw exception; nested exception is java.lang.StackOverflowError
	at org.springframework.beans.factory.support.SimpleInstantiationStrategy.instantiate(SimpleInstantiationStrategy.java:185)
	at org.springframework.beans.factory.support.ConstructorResolver.instantiate(ConstructorResolver.java:651)
	... 47 more
Caused by: java.lang.StackOverflowError
	at java.util.Hashtable.get(Hashtable.java:364)
	at java.util.logging.LogManager$LoggerContext.findLogger(LogManager.java:693)
	at java.util.logging.LogManager.getLogger(LogManager.java:1226)
	at java.util.logging.LogManager.demandLogger(LogManager.java:551)
	at java.util.logging.Logger.demandLogger(Logger.java:455)
	at java.util.logging.Logger.getLogger(Logger.java:502)
	at org.apache.commons.logging.LogAdapter$JavaUtilLog.&lt;init&gt;(LogAdapter.java:504)
	at org.apache.commons.logging.LogAdapter$JavaUtilAdapter.createLog(LogAdapter.java:144)
	at org.apache.commons.logging.LogAdapter.createLog(LogAdapter.java:101)
	at org.apache.commons.logging.LogFactory.getLog(LogFactory.java:67)
	at org.apache.commons.logging.LogFactory.getLog(LogFactory.java:59)
	at org.springframework.jdbc.datasource.AbstractDataSource.&lt;init&gt;(AbstractDataSource.java:43)
	at org.springframework.jdbc.datasource.AbstractDriverBasedDataSource.&lt;init&gt;(AbstractDriverBasedDataSource.java:34)
	at org.springframework.jdbc.datasource.DriverManagerDataSource.&lt;init&gt;(DriverManagerDataSource.java:71)
	at com.cts.training.config.HibernateConfiguration.dataSource(HibernateConfiguration.java:35)
	at com.cts.training.config.HibernateConfiguration.dataSource(HibernateConfiguration.java:40)
	at com.cts.training.config.HibernateConfiguration.dataSource(HibernateConfiguration.java:40)
	at com.cts.training.config.HibernateConfiguration.dataSource(HibernateConfiguration.java:40)
	at com.cts.training.config.HibernateConfiguration.dataSource(HibernateConfiguration.java:40)
	at com.cts.training.config.HibernateConfiguration.dataSource(HibernateConfiguration.java:40)
	at com.cts.training.config.HibernateConfiguration.dataSource(HibernateConfiguration.java:40)
	at com.cts.training.config.HibernateConfiguration.dataSource(HibernateConfiguration.java:40)
	at com.cts.training.config.HibernateConfiguration.dataSource(HibernateConfiguration.java:40)
	at com.cts.training.config.HibernateConfiguration.dataSource(HibernateConfiguration.java:40)
	at com.cts.training.config.HibernateConfiguration.dataSource(HibernateConfiguration.java:40)
	at com.cts.training.config.HibernateConfiguration.dataSource(HibernateConfiguration.java:40)
	at com.cts.training.config.HibernateConfiguration.dataSource(HibernateConfiguration.java:40)
	at com.cts.training.config.HibernateConfiguration.dataSource(HibernateConfiguration.java:40)
	at com.cts.training.config.HibernateConfiguration.dataSource(HibernateConfiguration.java:40)
	at com.cts.training.config.HibernateConfiguration.dataSource(HibernateConfiguration.java:40)
	at com.cts.training.config.HibernateConfiguration.dataSource(HibernateConfiguration.java:40)
	at com.cts.training.config.HibernateConfiguration.dataSource(HibernateConfiguration.java:40)
	at com.cts.training.config.HibernateConfiguration.dataSource(HibernateConfiguration.java:40)
	at com.cts.training.config.HibernateConfiguration.dataSource(HibernateConfiguration.java:40)
	at com.cts.training.config.HibernateConfiguration.dataSource(HibernateConfiguration.java:40)
	at com.cts.training.config.HibernateConfiguration.dataSource(HibernateConfiguration.java:40)
	at com.cts.training.config.HibernateConfiguration.dataSource(HibernateConfiguration.java:40)
	at com.cts.training.config.HibernateConfiguration.dataSource(HibernateConfiguration.java:40)
	at com.cts.training.config.HibernateConfiguration.dataSource(HibernateConfiguration.java:40)
	at com.cts.training.config.HibernateConfiguration.dataSource(HibernateConfiguration.java:40)
	at com.cts.training.config.HibernateConfiguration.dataSource(HibernateConfiguration.java:40)
	at com.cts.training.config.HibernateConfiguration.dataSource(HibernateConfiguration.java:40)
	at com.cts.training.config.HibernateConfiguration.dataSource(HibernateConfiguration.java:40)
	at com.cts.training.config.HibernateConfiguration.dataSource(HibernateConfiguration.java:40)
	at com.cts.training.config.HibernateConfiguration.dataSource(HibernateConfiguration.java:40)
	at com.cts.training.config.HibernateConfiguration.dataSource(HibernateConfiguration.java:40)
	at com.cts.training.config.HibernateConfiguration.dataSource(HibernateConfiguration.java:40)
	at com.cts.training.config.HibernateConfiguration.dataSource(HibernateConfiguration.java:40)
	at com.cts.training.config.HibernateConfiguration.dataSource(HibernateConfiguration.java:40)
	at com.cts.training.config.HibernateConfiguration.dataSource(HibernateConfiguration.java:40)
	at com.cts.training.config.HibernateConfiguration.dataSource(HibernateConfiguration.java:40)
	at com.cts.training.config.HibernateConfiguration.dataSource(HibernateConfiguration.java:40)
	at com.cts.training.config.HibernateConfiguration.dataSource(HibernateConfiguration.java:40)
	at com.cts.training.config.HibernateConfiguration.dataSource(HibernateConfiguration.java:40)
	at com.cts.training.config.HibernateConfiguration.dataSource(HibernateConfiguration.java:40)
	at com.cts.training.config.HibernateConfiguration.dataSource(HibernateConfiguration.java:40)
	at com.cts.training.config.HibernateConfiguration.dataSource(HibernateConfiguration.java:40)
	at com.cts.training.config.HibernateConfiguration.dataSource(HibernateConfiguration.java:40)
	at com.cts.training.config.HibernateConfiguration.dataSource(HibernateConfiguration.java:40)
	at com.cts.training.config.HibernateConfiguration.dataSource(HibernateConfiguration.java:40)
	at com.cts.training.config.HibernateConfiguration.dataSource(HibernateConfiguration.java:40)
	at com.cts.training.config.HibernateConfiguration.dataSource(HibernateConfiguration.java:40)
	at com.cts.training.config.HibernateConfiguration.dataSource(HibernateConfiguration.java:40)
	at com.cts.training.config.HibernateConfiguration.dataSource(HibernateConfiguration.java:40)
	at com.cts.training.config.HibernateConfiguration.dataSource(HibernateConfiguration.java:40)
	at com.cts.training.config.HibernateConfiguration.dataSource(HibernateConfiguration.java:40)
	at com.cts.training.config.HibernateConfiguration.dataSource(HibernateConfiguration.java:40)
	at com.cts.training.config.HibernateConfiguration.dataSource(HibernateConfiguration.java:40)
	at com.cts.training.config.HibernateConfiguration.dataSource(HibernateConfiguration.java:40)
	at com.cts.training.config.HibernateConfiguration.dataSource(HibernateConfiguration.java:40)
	at com.cts.training.config.HibernateConfiguration.dataSource(HibernateConfiguration.java:40)
	at com.cts.training.config.HibernateConfiguration.dataSource(HibernateConfiguration.java:40)
	at com.cts.training.config.HibernateConfiguration.dataSource(HibernateConfiguration.java:40)
	at com.cts.training.config.HibernateConfiguration.dataSource(HibernateConfiguration.java:40)
	at com.cts.training.config.HibernateConfiguration.dataSource(HibernateConfiguration.java:40)
	at com.cts.training.config.HibernateConfiguration.dataSource(HibernateConfiguration.java:40)
	at com.cts.training.config.HibernateConfiguration.dataSource(HibernateConfiguration.java:40)
	at com.cts.training.config.HibernateConfiguration.dataSource(HibernateConfiguration.java:40)
	at com.cts.training.config.HibernateConfiguration.dataSource(HibernateConfiguration.java:40)
	at com.cts.training.config.HibernateConfiguration.dataSource(HibernateConfiguration.java:40)
	at com.cts.training.config.HibernateConfiguration.dataSource(HibernateConfiguration.java:40)
	at com.cts.training.config.HibernateConfiguration.dataSource(HibernateConfiguration.java:40)
	at com.cts.training.config.HibernateConfiguration.dataSource(HibernateConfiguration.java:40)
	at com.cts.training.config.HibernateConfiguration.dataSource(HibernateConfiguration.java:40)
	at com.cts.training.config.HibernateConfiguration.dataSource(HibernateConfiguration.java:40)
	at com.cts.training.config.HibernateConfiguration.dataSource(HibernateConfiguration.java:40)
	at com.cts.training.config.HibernateConfiguration.dataSource(HibernateConfiguration.java:40)
	at com.cts.training.config.HibernateConfiguration.dataSource(HibernateConfiguration.java:40)
	at com.cts.training.config.HibernateConfiguration.dataSource(HibernateConfiguration.java:40)
	at com.cts.training.config.HibernateConfiguration.dataSource(HibernateConfiguration.java:40)
	at com.cts.training.config.HibernateConfiguration.dataSource(HibernateConfiguration.java:40)
	at com.cts.training.config.HibernateConfiguration.dataSource(HibernateConfiguration.java:40)
	at com.cts.training.config.HibernateConfiguration.dataSource(HibernateConfiguration.java:40)
	at com.cts.training.config.HibernateConfiguration.dataSource(HibernateConfiguration.java:40)
	at com.cts.training.config.HibernateConfiguration.dataSource(HibernateConfiguration.java:40)
	at com.cts.training.config.HibernateConfiguration.dataSource(HibernateConfiguration.java:40)
	at com.cts.training.config.HibernateConfiguration.dataSource(HibernateConfiguration.java:40)
	at com.cts.training.config.HibernateConfiguration.dataSource(HibernateConfiguration.java:40)
	at com.cts.training.config.HibernateConfiguration.dataSource(HibernateConfiguration.java:40)
	at com.cts.training.config.HibernateConfiguration.dataSource(HibernateConfiguration.java:40)
	at com.cts.training.config.HibernateConfiguration.dataSource(HibernateConfiguration.java:40)
	at com.cts.training.config.HibernateConfiguration.dataSource(HibernateConfiguration.java:40)
	at com.cts.training.config.HibernateConfiguration.dataSource(HibernateConfiguration.java:40)
	at com.cts.training.config.HibernateConfiguration.dataSource(HibernateConfiguration.java:40)
	at com.cts.training.config.HibernateConfiguration.dataSource(HibernateConfiguration.java:40)
	at com.cts.training.config.HibernateConfiguration.dataSource(HibernateConfiguration.java:40)
	at com.cts.training.config.HibernateConfiguration.dataSource(HibernateConfiguration.java:40)
	at com.cts.training.config.HibernateConfiguration.dataSource(HibernateConfiguration.java:40)
	at com.cts.training.config.HibernateConfiguration.dataSource(HibernateConfiguration.java:40)
	at com.cts.training.config.HibernateConfiguration.dataSource(HibernateConfiguration.java:40)
	at com.cts.training.config.HibernateConfiguration.dataSource(HibernateConfiguration.java:40)
	at com.cts.training.config.HibernateConfiguration.dataSource(HibernateConfiguration.java:40)
	at com.cts.training.config.HibernateConfiguration.dataSource(HibernateConfiguration.java:40)
	at com.cts.training.config.HibernateConfiguration.dataSource(HibernateConfiguration.java:40)
	at com.cts.training.config.HibernateConfiguration.dataSource(HibernateConfiguration.java:40)
	at com.cts.training.config.HibernateConfiguration.dataSource(HibernateConfiguration.java:40)
	at com.cts.training.config.HibernateConfiguration.dataSource(HibernateConfiguration.java:40)
	at com.cts.training.config.HibernateConfiguration.dataSource(HibernateConfiguration.java:40)
	at com.cts.training.config.HibernateConfiguration.dataSource(HibernateConfiguration.java:40)
	at com.cts.training.config.HibernateConfiguration.dataSource(HibernateConfiguration.java:40)
	at com.cts.training.config.HibernateConfiguration.dataSource(HibernateConfiguration.java:40)
	at com.cts.training.config.HibernateConfiguration.dataSource(HibernateConfiguration.java:40)
	at com.cts.training.config.HibernateConfiguration.dataSource(HibernateConfiguration.java:40)
	at com.cts.training.config.HibernateConfiguration.dataSource(HibernateConfiguration.java:40)
	at com.cts.training.config.HibernateConfiguration.dataSource(HibernateConfiguration.java:40)
	at com.cts.training.config.HibernateConfiguration.dataSource(HibernateConfiguration.java:40)
	at com.cts.training.config.HibernateConfiguration.dataSource(HibernateConfiguration.java:40)
	at com.cts.training.config.HibernateConfiguration.dataSource(HibernateConfiguration.java:40)
	at com.cts.training.config.HibernateConfiguration.dataSource(HibernateConfiguration.java:40)
	at com.cts.training.config.HibernateConfiguration.dataSource(HibernateConfiguration.java:40)
	at com.cts.training.config.HibernateConfiguration.dataSource(HibernateConfiguration.java:40)
	at com.cts.training.config.HibernateConfiguration.dataSource(HibernateConfiguration.java:40)
	at com.cts.training.config.HibernateConfiguration.dataSource(HibernateConfiguration.java:40)
	at com.cts.training.config.HibernateConfiguration.dataSource(HibernateConfiguration.java:40)
	at com.cts.training.config.HibernateConfiguration.dataSource(HibernateConfiguration.java:40)
	at com.cts.training.config.HibernateConfiguration.dataSource(HibernateConfiguration.java:40)
	at com.cts.training.config.HibernateConfiguration.dataSource(HibernateConfiguration.java:40)
	at com.cts.training.config.HibernateConfiguration.dataSource(HibernateConfiguration.java:40)
	at com.cts.training.config.HibernateConfiguration.dataSource(HibernateConfiguration.java:40)
	at com.cts.training.config.HibernateConfiguration.dataSource(HibernateConfiguration.java:40)
	at com.cts.training.config.HibernateConfiguration.dataSource(HibernateConfiguration.java:40)
	at com.cts.training.config.HibernateConfiguration.dataSource(HibernateConfiguration.java:40)
	at com.cts.training.config.HibernateConfiguration.dataSource(HibernateConfiguration.java:40)
	at com.cts.training.config.HibernateConfiguration.dataSource(HibernateConfiguration.java:40)
	at com.cts.training.config.HibernateConfiguration.dataSource(HibernateConfiguration.java:40)
	at com.cts.training.config.HibernateConfiguration.dataSource(HibernateConfiguration.java:40)
	at com.cts.training.config.HibernateConfiguration.dataSource(HibernateConfiguration.java:40)
	at com.cts.training.config.HibernateConfiguration.dataSource(HibernateConfiguration.java:40)
	at com.cts.training.config.HibernateConfiguration.dataSource(HibernateConfiguration.java:40)
	at com.cts.training.config.HibernateConfiguration.dataSource(HibernateConfiguration.java:40)
	at com.cts.training.config.HibernateConfiguration.dataSource(HibernateConfiguration.java:40)
	at com.cts.training.config.HibernateConfiguration.dataSource(HibernateConfiguration.java:40)
	at com.cts.training.config.HibernateConfiguration.dataSource(HibernateConfiguration.java:40)
	at com.cts.training.config.HibernateConfiguration.dataSource(HibernateConfiguration.java:40)
	at com.cts.training.config.HibernateConfiguration.dataSource(HibernateConfiguration.java:40)
	at com.cts.training.config.HibernateConfiguration.dataSource(HibernateConfiguration.java:40)
	at com.cts.training.config.HibernateConfiguration.dataSource(HibernateConfiguration.java:40)
	at com.cts.training.config.HibernateConfiguration.dataSource(HibernateConfiguration.java:40)
	at com.cts.training.config.HibernateConfiguration.dataSource(HibernateConfiguration.java:40)
	at com.cts.training.config.HibernateConfiguration.dataSource(HibernateConfiguration.java:40)
	at com.cts.training.config.HibernateConfiguration.dataSource(HibernateConfiguration.java:40)
	at com.cts.training.config.HibernateConfiguration.dataSource(HibernateConfiguration.java:40)
	at com.cts.training.config.HibernateConfiguration.dataSource(HibernateConfiguration.java:40)
	at com.cts.training.config.HibernateConfiguration.dataSource(HibernateConfiguration.java:40)
	at com.cts.training.config.HibernateConfiguration.dataSource(HibernateConfiguration.java:40)
	at com.cts.training.config.HibernateConfiguration.dataSource(HibernateConfiguration.java:40)
	at com.cts.training.config.HibernateConfiguration.dataSource(HibernateConfiguration.java:40)
	at com.cts.training.config.HibernateConfiguration.dataSource(HibernateConfiguration.java:40)
	at com.cts.training.config.HibernateConfiguration.dataSource(HibernateConfiguration.java:40)
	at com.cts.training.config.HibernateConfiguration.dataSource(HibernateConfiguration.java:40)
	at com.cts.training.config.HibernateConfiguration.dataSource(HibernateConfiguration.java:40)
	at com.cts.training.config.HibernateConfiguration.dataSource(HibernateConfiguration.java:40)
	at com.cts.training.config.HibernateConfiguration.dataSource(HibernateConfiguration.java:40)
	at com.cts.training.config.HibernateConfiguration.dataSource(HibernateConfiguration.java:40)
	at com.cts.training.config.HibernateConfiguration.dataSource(HibernateConfiguration.java:40)
	at com.cts.training.config.HibernateConfiguration.dataSource(HibernateConfiguration.java:40)
	at com.cts.training.config.HibernateConfiguration.dataSource(HibernateConfiguration.java:40)
	at com.cts.training.config.HibernateConfiguration.dataSource(HibernateConfiguration.java:40)
	at com.cts.training.config.HibernateConfiguration.dataSource(HibernateConfiguration.java:40)
	at com.cts.training.config.HibernateConfiguration.dataSource(HibernateConfiguration.java:40)
	at com.cts.training.config.HibernateConfiguration.dataSource(HibernateConfiguration.java:40)
	at com.cts.training.config.HibernateConfiguration.dataSource(HibernateConfiguration.java:40)
	at com.cts.training.config.HibernateConfiguration.dataSource(HibernateConfiguration.java:40)
	at com.cts.training.config.HibernateConfiguration.dataSource(HibernateConfiguration.java:40)
	at com.cts.training.config.HibernateConfiguration.dataSource(HibernateConfiguration.java:40)
	at com.cts.training.config.HibernateConfiguration.dataSource(HibernateConfiguration.java:40)
	at com.cts.training.config.HibernateConfiguration.dataSource(HibernateConfiguration.java:40)
	at com.cts.training.config.HibernateConfiguration.dataSource(HibernateConfiguration.java:40)
	at com.cts.training.config.HibernateConfiguration.dataSource(HibernateConfiguration.java:40)
	at com.cts.training.config.HibernateConfiguration.dataSource(HibernateConfiguration.java:40)
	at com.cts.training.config.HibernateConfiguration.dataSource(HibernateConfiguration.java:40)
	at com.cts.training.config.HibernateConfiguration.dataSource(HibernateConfiguration.java:40)
	at com.cts.training.config.HibernateConfiguration.dataSource(HibernateConfiguration.java:40)
	at com.cts.training.config.HibernateConfiguration.dataSource(HibernateConfiguration.java:40)
	at com.cts.training.config.HibernateConfiguration.dataSource(HibernateConfiguration.java:40)
	at com.cts.training.config.HibernateConfiguration.dataSource(HibernateConfiguration.java:40)
	at com.cts.training.config.HibernateConfiguration.dataSource(HibernateConfiguration.java:40)
	at com.cts.training.config.HibernateConfiguration.dataSource(HibernateConfiguration.java:40)
	at com.cts.training.config.HibernateConfiguration.dataSource(HibernateConfiguration.java:40)
	at com.cts.training.config.HibernateConfiguration.dataSource(HibernateConfiguration.java:40)
	at com.cts.training.config.HibernateConfiguration.dataSource(HibernateConfiguration.java:40)
	at com.cts.training.config.HibernateConfiguration.dataSource(HibernateConfiguration.java:40)
	at com.cts.training.config.HibernateConfiguration.dataSource(HibernateConfiguration.java:40)
	at com.cts.training.config.HibernateConfiguration.dataSource(HibernateConfiguration.java:40)
	at com.cts.training.config.HibernateConfiguration.dataSource(HibernateConfiguration.java:40)
	at com.cts.training.config.HibernateConfiguration.dataSource(HibernateConfiguration.java:40)
	at com.cts.training.config.HibernateConfiguration.dataSource(HibernateConfiguration.java:40)
	at com.cts.training.config.HibernateConfiguration.dataSource(HibernateConfiguration.java:40)
	at com.cts.training.config.HibernateConfiguration.dataSource(HibernateConfiguration.java:40)
	at com.cts.training.config.HibernateConfiguration.dataSource(HibernateConfiguration.java:40)
	at com.cts.training.config.HibernateConfiguration.dataSource(HibernateConfiguration.java:40)
	at com.cts.training.config.HibernateConfiguration.dataSource(HibernateConfiguration.java:40)
	at com.cts.training.config.HibernateConfiguration.dataSource(HibernateConfiguration.java:40)
	at com.cts.training.config.HibernateConfiguration.dataSource(HibernateConfiguration.java:40)
	at com.cts.training.config.HibernateConfiguration.dataSource(HibernateConfiguration.java:40)
	at com.cts.training.config.HibernateConfiguration.dataSource(HibernateConfiguration.java:40)
	at com.cts.training.config.HibernateConfiguration.dataSource(HibernateConfiguration.java:40)
	at com.cts.training.config.HibernateConfiguration.dataSource(HibernateConfiguration.java:40)
	at com.cts.training.config.HibernateConfiguration.dataSource(HibernateConfiguration.java:40)
	at com.cts.training.config.HibernateConfiguration.dataSource(HibernateConfiguration.java:40)
	at com.cts.training.config.HibernateConfiguration.dataSource(HibernateConfiguration.java:40)
	at com.cts.training.config.HibernateConfiguration.dataSource(HibernateConfiguration.java:40)
	at com.cts.training.config.HibernateConfiguration.dataSource(HibernateConfiguration.java:40)
	at com.cts.training.config.HibernateConfiguration.dataSource(HibernateConfiguration.java:40)
	at com.cts.training.config.HibernateConfiguration.dataSource(HibernateConfiguration.java:40)
	at com.cts.training.config.HibernateConfiguration.dataSource(HibernateConfiguration.java:40)
	at com.cts.training.config.HibernateConfiguration.dataSource(HibernateConfiguration.java:40)
	at com.cts.training.config.HibernateConfiguration.dataSource(HibernateConfiguration.java:40)
	at com.cts.training.config.HibernateConfiguration.dataSource(HibernateConfiguration.java:40)
	at com.cts.training.config.HibernateConfiguration.dataSource(HibernateConfiguration.java:40)
	at com.cts.training.config.HibernateConfiguration.dataSource(HibernateConfiguration.java:40)
	at com.cts.training.config.HibernateConfiguration.dataSource(HibernateConfiguration.java:40)
	at com.cts.training.config.HibernateConfiguration.dataSource(HibernateConfiguration.java:40)
	at com.cts.training.config.HibernateConfiguration.dataSource(HibernateConfiguration.java:40)
	at com.cts.training.config.HibernateConfiguration.dataSource(HibernateConfiguration.java:40)
	at com.cts.training.config.HibernateConfiguration.dataSource(HibernateConfiguration.java:40)
	at com.cts.training.config.HibernateConfiguration.dataSource(HibernateConfiguration.java:40)
	at com.cts.training.config.HibernateConfiguration.dataSource(HibernateConfiguration.java:40)
	at com.cts.training.config.HibernateConfiguration.dataSource(HibernateConfiguration.java:40)
	at com.cts.training.config.HibernateConfiguration.dataSource(HibernateConfiguration.java:40)
	at com.cts.training.config.HibernateConfiguration.dataSource(HibernateConfiguration.java:40)
	at com.cts.training.config.HibernateConfiguration.dataSource(HibernateConfiguration.java:40)
	at com.cts.training.config.HibernateConfiguration.dataSource(HibernateConfiguration.java:40)
	at com.cts.training.config.HibernateConfiguration.dataSource(HibernateConfiguration.java:40)
	at com.cts.training.config.HibernateConfiguration.dataSource(HibernateConfiguration.java:40)
	at com.cts.training.config.HibernateConfiguration.dataSource(HibernateConfiguration.java:40)
	at com.cts.training.config.HibernateConfiguration.dataSource(HibernateConfiguration.java:40)
	at com.cts.training.config.HibernateConfiguration.dataSource(HibernateConfiguration.java:40)
	at com.cts.training.config.HibernateConfiguration.dataSource(HibernateConfiguration.java:40)
	at com.cts.training.config.HibernateConfiguration.dataSource(HibernateConfiguration.java:40)
	at com.cts.training.config.HibernateConfiguration.dataSource(HibernateConfiguration.java:40)
	at com.cts.training.config.HibernateConfiguration.dataSource(HibernateConfiguration.java:40)
	at com.cts.training.config.HibernateConfiguration.dataSource(HibernateConfiguration.java:40)
	at com.cts.training.config.HibernateConfiguration.dataSource(HibernateConfiguration.java:40)
	at com.cts.training.config.HibernateConfiguration.dataSource(HibernateConfiguration.java:40)
	at com.cts.training.config.HibernateConfiguration.dataSource(HibernateConfiguration.java:40)
	at com.cts.training.config.HibernateConfiguration.dataSource(HibernateConfiguration.java:40)
	at com.cts.training.config.HibernateConfiguration.dataSource(HibernateConfiguration.java:40)
	at com.cts.training.config.HibernateConfiguration.dataSource(HibernateConfiguration.java:40)
	at com.cts.training.config.HibernateConfiguration.dataSource(HibernateConfiguration.java:40)
	at com.cts.training.config.HibernateConfiguration.dataSource(HibernateConfiguration.java:40)
	at com.cts.training.config.HibernateConfiguration.dataSource(HibernateConfiguration.java:40)
	at com.cts.training.config.HibernateConfiguration.dataSource(HibernateConfiguration.java:40)
	at com.cts.training.config.HibernateConfiguration.dataSource(HibernateConfiguration.java:40)
	at com.cts.training.config.HibernateConfiguration.dataSource(HibernateConfiguration.java:40)
	at com.cts.training.config.HibernateConfiguration.dataSource(HibernateConfiguration.java:40)
	at com.cts.training.config.HibernateConfiguration.dataSource(HibernateConfiguration.java:40)
	at com.cts.training.config.HibernateConfiguration.dataSource(HibernateConfiguration.java:40)
	at com.cts.training.config.HibernateConfiguration.dataSource(HibernateConfiguration.java:40)
	at com.cts.training.config.HibernateConfiguration.dataSource(HibernateConfiguration.java:40)
	at com.cts.training.config.HibernateConfiguration.dataSource(HibernateConfiguration.java:40)
	at com.cts.training.config.HibernateConfiguration.dataSource(HibernateConfiguration.java:40)
	at com.cts.training.config.HibernateConfiguration.dataSource(HibernateConfiguration.java:40)
	at com.cts.training.config.HibernateConfiguration.dataSource(HibernateConfiguration.java:40)
	at com.cts.training.config.HibernateConfiguration.dataSource(HibernateConfiguration.java:40)
	at com.cts.training.config.HibernateConfiguration.dataSource(HibernateConfiguration.java:40)
	at com.cts.training.config.HibernateConfiguration.dataSource(HibernateConfiguration.java:40)
	at com.cts.training.config.HibernateConfiguration.dataSource(HibernateConfiguration.java:40)
	at com.cts.training.config.HibernateConfiguration.dataSource(HibernateConfiguration.java:40)
	at com.cts.training.config.HibernateConfiguration.dataSource(HibernateConfiguration.java:40)
	at com.cts.training.config.HibernateConfiguration.dataSource(HibernateConfiguration.java:40)
	at com.cts.training.config.HibernateConfiguration.dataSource(HibernateConfiguration.java:40)
	at com.cts.training.config.HibernateConfiguration.dataSource(HibernateConfiguration.java:40)
	at com.cts.training.config.HibernateConfiguration.dataSource(HibernateConfiguration.java:40)
	at com.cts.training.config.HibernateConfiguration.dataSource(HibernateConfiguration.java:40)
	at com.cts.training.config.HibernateConfiguration.dataSource(HibernateConfiguration.java:40)
	at com.cts.training.config.HibernateConfiguration.dataSource(HibernateConfiguration.java:40)
	at com.cts.training.config.HibernateConfiguration.dataSource(HibernateConfiguration.java:40)
	at com.cts.training.config.HibernateConfiguration.dataSource(HibernateConfiguration.java:40)
	at com.cts.training.config.HibernateConfiguration.dataSource(HibernateConfiguration.java:40)
	at com.cts.training.config.HibernateConfiguration.dataSource(HibernateConfiguration.java:40)
	at com.cts.training.config.HibernateConfiguration.dataSource(HibernateConfiguration.java:40)
	at com.cts.training.config.HibernateConfiguration.dataSource(HibernateConfiguration.java:40)
	at com.cts.training.config.HibernateConfiguration.dataSource(HibernateConfiguration.java:40)
	at com.cts.training.config.HibernateConfiguration.dataSource(HibernateConfiguration.java:40)
	at com.cts.training.config.HibernateConfiguration.dataSource(HibernateConfiguration.java:40)
	at com.cts.training.config.HibernateConfiguration.dataSource(HibernateConfiguration.java:40)
	at com.cts.training.config.HibernateConfiguration.dataSource(HibernateConfiguration.java:40)
	at com.cts.training.config.HibernateConfiguration.dataSource(HibernateConfiguration.java:40)
	at com.cts.training.config.HibernateConfiguration.dataSource(HibernateConfiguration.java:40)
	at com.cts.training.config.HibernateConfiguration.dataSource(HibernateConfiguration.java:40)
	at com.cts.training.config.HibernateConfiguration.dataSource(HibernateConfiguration.java:40)
	at com.cts.training.config.HibernateConfiguration.dataSource(HibernateConfiguration.java:40)
	at com.cts.training.config.HibernateConfiguration.dataSource(HibernateConfiguration.java:40)
	at com.cts.training.config.HibernateConfiguration.dataSource(HibernateConfiguration.java:40)
	at com.cts.training.config.HibernateConfiguration.dataSource(HibernateConfiguration.java:40)
	at com.cts.training.config.HibernateConfiguration.dataSource(HibernateConfiguration.java:40)
	at com.cts.training.config.HibernateConfiguration.dataSource(HibernateConfiguration.java:40)
	at com.cts.training.config.HibernateConfiguration.dataSource(HibernateConfiguration.java:40)
	at com.cts.training.config.HibernateConfiguration.dataSource(HibernateConfiguration.java:40)
	at com.cts.training.config.HibernateConfiguration.dataSource(HibernateConfiguration.java:40)
	at com.cts.training.config.HibernateConfiguration.dataSource(HibernateConfiguration.java:40)
	at com.cts.training.config.HibernateConfiguration.dataSource(HibernateConfiguration.java:40)
	at com.cts.training.config.HibernateConfiguration.dataSource(HibernateConfiguration.java:40)
	at com.cts.training.config.HibernateConfiguration.dataSource(HibernateConfiguration.java:40)
	at com.cts.training.config.HibernateConfiguration.dataSource(HibernateConfiguration.java:40)
	at com.cts.training.config.HibernateConfiguration.dataSource(HibernateConfiguration.java:40)
	at com.cts.training.config.HibernateConfiguration.dataSource(HibernateConfiguration.java:40)
	at com.cts.training.config.HibernateConfiguration.dataSource(HibernateConfiguration.java:40)
	at com.cts.training.config.HibernateConfiguration.dataSource(HibernateConfiguration.java:40)
	at com.cts.training.config.HibernateConfiguration.dataSource(HibernateConfiguration.java:40)
	at com.cts.training.config.HibernateConfiguration.dataSource(HibernateConfiguration.java:40)
	at com.cts.training.config.HibernateConfiguration.dataSource(HibernateConfiguration.java:40)
	at com.cts.training.config.HibernateConfiguration.dataSource(HibernateConfiguration.java:40)
	at com.cts.training.config.HibernateConfiguration.dataSource(HibernateConfiguration.java:40)
	at com.cts.training.config.HibernateConfiguration.dataSource(HibernateConfiguration.java:40)
	at com.cts.training.config.HibernateConfiguration.dataSource(HibernateConfiguration.java:40)
	at com.cts.training.config.HibernateConfiguration.dataSource(HibernateConfiguration.java:40)
	at com.cts.training.config.HibernateConfiguration.dataSource(HibernateConfiguration.java:40)
	at com.cts.training.config.HibernateConfiguration.dataSource(HibernateConfiguration.java:40)
	at com.cts.training.config.HibernateConfiguration.dataSource(HibernateConfiguration.java:40)
	at com.cts.training.config.HibernateConfiguration.dataSource(HibernateConfiguration.java:40)
	at com.cts.training.config.HibernateConfiguration.dataSource(HibernateConfiguration.java:40)
	at com.cts.training.config.HibernateConfiguration.dataSource(HibernateConfiguration.java:40)
	at com.cts.training.config.HibernateConfiguration.dataSource(HibernateConfiguration.java:40)
	at com.cts.training.config.HibernateConfiguration.dataSource(HibernateConfiguration.java:40)
	at com.cts.training.config.HibernateConfiguration.dataSource(HibernateConfiguration.java:40)
	at com.cts.training.config.HibernateConfiguration.dataSource(HibernateConfiguration.java:40)
	at com.cts.training.config.HibernateConfiguration.dataSource(HibernateConfiguration.java:40)
	at com.cts.training.config.HibernateConfiguration.dataSource(HibernateConfiguration.java:40)
	at com.cts.training.config.HibernateConfiguration.dataSource(HibernateConfiguration.java:40)
	at com.cts.training.config.HibernateConfiguration.dataSource(HibernateConfiguration.java:40)
	at com.cts.training.config.HibernateConfiguration.dataSource(HibernateConfiguration.java:40)
	at com.cts.training.config.HibernateConfiguration.dataSource(HibernateConfiguration.java:40)
	at com.cts.training.config.HibernateConfiguration.dataSource(HibernateConfiguration.java:40)
	at com.cts.training.config.HibernateConfiguration.dataSource(HibernateConfiguration.java:40)
	at com.cts.training.config.HibernateConfiguration.dataSource(HibernateConfiguration.java:40)
	at com.cts.training.config.HibernateConfiguration.dataSource(HibernateConfiguration.java:40)
	at com.cts.training.config.HibernateConfiguration.dataSource(HibernateConfiguration.java:40)
	at com.cts.training.config.HibernateConfiguration.dataSource(HibernateConfiguration.java:40)
	at com.cts.training.config.HibernateConfiguration.dataSource(HibernateConfiguration.java:40)
	at com.cts.training.config.HibernateConfiguration.dataSource(HibernateConfiguration.java:40)
	at com.cts.training.config.HibernateConfiguration.dataSource(HibernateConfiguration.java:40)
	at com.cts.training.config.HibernateConfiguration.dataSource(HibernateConfiguration.java:40)
	at com.cts.training.config.HibernateConfiguration.dataSource(HibernateConfiguration.java:40)
	at com.cts.training.config.HibernateConfiguration.dataSource(HibernateConfiguration.java:40)
	at com.cts.training.config.HibernateConfiguration.dataSource(HibernateConfiguration.java:40)
	at com.cts.training.config.HibernateConfiguration.dataSource(HibernateConfiguration.java:40)
	at com.cts.training.config.HibernateConfiguration.dataSource(HibernateConfiguration.java:40)
	at com.cts.training.config.HibernateConfiguration.dataSource(HibernateConfiguration.java:40)
	at com.cts.training.config.HibernateConfiguration.dataSource(HibernateConfiguration.java:40)
	at com.cts.training.config.HibernateConfiguration.dataSource(HibernateConfiguration.java:40)
	at com.cts.training.config.HibernateConfiguration.dataSource(HibernateConfiguration.java:40)
	at com.cts.training.config.HibernateConfiguration.dataSource(HibernateConfiguration.java:40)
	at com.cts.training.config.HibernateConfiguration.dataSource(HibernateConfiguration.java:40)
	at com.cts.training.config.HibernateConfiguration.dataSource(HibernateConfiguration.java:40)
	at com.cts.training.config.HibernateConfiguration.dataSource(HibernateConfiguration.java:40)
	at com.cts.training.config.HibernateConfiguration.dataSource(HibernateConfiguration.java:40)
	at com.cts.training.config.HibernateConfiguration.dataSource(HibernateConfiguration.java:40)
	at com.cts.training.config.HibernateConfiguration.dataSource(HibernateConfiguration.java:40)
	at com.cts.training.config.HibernateConfiguration.dataSource(HibernateConfiguration.java:40)
	at com.cts.training.config.HibernateConfiguration.dataSource(HibernateConfiguration.java:40)
	at com.cts.training.config.HibernateConfiguration.dataSource(HibernateConfiguration.java:40)
	at com.cts.training.config.HibernateConfiguration.dataSource(HibernateConfiguration.java:40)
	at com.cts.training.config.HibernateConfiguration.dataSource(HibernateConfiguration.java:40)
	at com.cts.training.config.HibernateConfiguration.dataSource(HibernateConfiguration.java:40)
	at com.cts.training.config.HibernateConfiguration.dataSource(HibernateConfiguration.java:40)
	at com.cts.training.config.HibernateConfiguration.dataSource(HibernateConfiguration.java:40)
	at com.cts.training.config.HibernateConfiguration.dataSource(HibernateConfiguration.java:40)
	at com.cts.training.config.HibernateConfiguration.dataSource(HibernateConfiguration.java:40)
	at com.cts.training.config.HibernateConfiguration.dataSource(HibernateConfiguration.java:40)
	at com.cts.training.config.HibernateConfiguration.dataSource(HibernateConfiguration.java:40)
	at com.cts.training.config.HibernateConfiguration.dataSource(HibernateConfiguration.java:40)
	at com.cts.training.config.HibernateConfiguration.dataSource(HibernateConfiguration.java:40)
	at com.cts.training.config.HibernateConfiguration.dataSource(HibernateConfiguration.java:40)
	at com.cts.training.config.HibernateConfiguration.dataSource(HibernateConfiguration.java:40)
	at com.cts.training.config.HibernateConfiguration.dataSource(HibernateConfiguration.java:40)
	at com.cts.training.config.HibernateConfiguration.dataSource(HibernateConfiguration.java:40)
	at com.cts.training.config.HibernateConfiguration.dataSource(HibernateConfiguration.java:40)
	at com.cts.training.config.HibernateConfiguration.dataSource(HibernateConfiguration.java:40)
	at com.cts.training.config.HibernateConfiguration.dataSource(HibernateConfiguration.java:40)
	at com.cts.training.config.HibernateConfiguration.dataSource(HibernateConfiguration.java:40)
	at com.cts.training.config.HibernateConfiguration.dataSource(HibernateConfiguration.java:40)
	at com.cts.training.config.HibernateConfiguration.dataSource(HibernateConfiguration.java:40)
	at com.cts.training.config.HibernateConfiguration.dataSource(HibernateConfiguration.java:40)
	at com.cts.training.config.HibernateConfiguration.dataSource(HibernateConfiguration.java:40)
	at com.cts.training.config.HibernateConfiguration.dataSource(HibernateConfiguration.java:40)
	at com.cts.training.config.HibernateConfiguration.dataSource(HibernateConfiguration.java:40)
	at com.cts.training.config.HibernateConfiguration.dataSource(HibernateConfiguration.java:40)
	at com.cts.training.config.HibernateConfiguration.dataSource(HibernateConfiguration.java:40)
	at com.cts.training.config.HibernateConfiguration.dataSource(HibernateConfiguration.java:40)
	at com.cts.training.config.HibernateConfiguration.dataSource(HibernateConfiguration.java:40)
	at com.cts.training.config.HibernateConfiguration.dataSource(HibernateConfiguration.java:40)
	at com.cts.training.config.HibernateConfiguration.dataSource(HibernateConfiguration.java:40)
	at com.cts.training.config.HibernateConfiguration.dataSource(HibernateConfiguration.java:40)
	at com.cts.training.config.HibernateConfiguration.dataSource(HibernateConfiguration.java:40)
	at com.cts.training.config.HibernateConfiguration.dataSource(HibernateConfiguration.java:40)
	at com.cts.training.config.HibernateConfiguration.dataSource(HibernateConfiguration.java:40)
	at com.cts.training.config.HibernateConfiguration.dataSource(HibernateConfiguration.java:40)
	at com.cts.training.config.HibernateConfiguration.dataSource(HibernateConfiguration.java:40)
	at com.cts.training.config.HibernateConfiguration.dataSource(HibernateConfiguration.java:40)
	at com.cts.training.config.HibernateConfiguration.dataSource(HibernateConfiguration.java:40)
	at com.cts.training.config.HibernateConfiguration.dataSource(HibernateConfiguration.java:40)
	at com.cts.training.config.HibernateConfiguration.dataSource(HibernateConfiguration.java:40)
	at com.cts.training.config.HibernateConfiguration.dataSource(HibernateConfiguration.java:40)
	at com.cts.training.config.HibernateConfiguration.dataSource(HibernateConfiguration.java:40)
	at com.cts.training.config.HibernateConfiguration.dataSource(HibernateConfiguration.java:40)
	at com.cts.training.config.HibernateConfiguration.dataSource(HibernateConfiguration.java:40)
	at com.cts.training.config.HibernateConfiguration.dataSource(HibernateConfiguration.java:40)
	at com.cts.training.config.HibernateConfiguration.dataSource(HibernateConfiguration.java:40)
	at com.cts.training.config.HibernateConfiguration.dataSource(HibernateConfiguration.java:40)
	at com.cts.training.config.HibernateConfiguration.dataSource(HibernateConfiguration.java:40)
	at com.cts.training.config.HibernateConfiguration.dataSource(HibernateConfiguration.java:40)
	at com.cts.training.config.HibernateConfiguration.dataSource(HibernateConfiguration.java:40)
	at com.cts.training.config.HibernateConfiguration.dataSource(HibernateConfiguration.java:40)
	at com.cts.training.config.HibernateConfiguration.dataSource(HibernateConfiguration.java:40)
	at com.cts.training.config.HibernateConfiguration.dataSource(HibernateConfiguration.java:40)
	at com.cts.training.config.HibernateConfiguration.dataSource(HibernateConfiguration.java:40)
	at com.cts.training.config.HibernateConfiguration.dataSource(HibernateConfiguration.java:40)
	at com.cts.training.config.HibernateConfiguration.dataSource(HibernateConfiguration.java:40)
	at com.cts.training.config.HibernateConfiguration.dataSource(HibernateConfiguration.java:40)
	at com.cts.training.config.HibernateConfiguration.dataSource(HibernateConfiguration.java:40)
	at com.cts.training.config.HibernateConfiguration.dataSource(HibernateConfiguration.java:40)
	at com.cts.training.config.HibernateConfiguration.dataSource(HibernateConfiguration.java:40)
	at com.cts.training.config.HibernateConfiguration.dataSource(HibernateConfiguration.java:40)
	at com.cts.training.config.HibernateConfiguration.dataSource(HibernateConfiguration.java:40)
	at com.cts.training.config.HibernateConfiguration.dataSource(HibernateConfiguration.java:40)
	at com.cts.training.config.HibernateConfiguration.dataSource(HibernateConfiguration.java:40)
	at com.cts.training.config.HibernateConfiguration.dataSource(HibernateConfiguration.java:40)
	at com.cts.training.config.HibernateConfiguration.dataSource(HibernateConfiguration.java:40)
	at com.cts.training.config.HibernateConfiguration.dataSource(HibernateConfiguration.java:40)
	at com.cts.training.config.HibernateConfiguration.dataSource(HibernateConfiguration.java:40)
	at com.cts.training.config.HibernateConfiguration.dataSource(HibernateConfiguration.java:40)
	at com.cts.training.config.HibernateConfiguration.dataSource(HibernateConfiguration.java:40)
	at com.cts.training.config.HibernateConfiguration.dataSource(HibernateConfiguration.java:40)
	at com.cts.training.config.HibernateConfiguration.dataSource(HibernateConfiguration.java:40)
	at com.cts.training.config.HibernateConfiguration.dataSource(HibernateConfiguration.java:40)
	at com.cts.training.config.HibernateConfiguration.dataSource(HibernateConfiguration.java:40)
	at com.cts.training.config.HibernateConfiguration.dataSource(HibernateConfiguration.java:40)
	at com.cts.training.config.HibernateConfiguration.dataSource(HibernateConfiguration.java:40)
	at com.cts.training.config.HibernateConfiguration.dataSource(HibernateConfiguration.java:40)
	at com.cts.training.config.HibernateConfiguration.dataSource(HibernateConfiguration.java:40)
	at com.cts.training.config.HibernateConfiguration.dataSource(HibernateConfiguration.java:40)
	at com.cts.training.config.HibernateConfiguration.dataSource(HibernateConfiguration.java:40)
	at com.cts.training.config.HibernateConfiguration.dataSource(HibernateConfiguration.java:40)
	at com.cts.training.config.HibernateConfiguration.dataSource(HibernateConfiguration.java:40)
	at com.cts.training.config.HibernateConfiguration.dataSource(HibernateConfiguration.java:40)
	at com.cts.training.config.HibernateConfiguration.dataSource(HibernateConfiguration.java:40)
	at com.cts.training.config.HibernateConfiguration.dataSource(HibernateConfiguration.java:40)
	at com.cts.training.config.HibernateConfiguration.dataSource(HibernateConfiguration.java:40)
	at com.cts.training.config.HibernateConfiguration.dataSource(HibernateConfiguration.java:40)
	at com.cts.training.config.HibernateConfiguration.dataSource(HibernateConfiguration.java:40)
	at com.cts.training.config.HibernateConfiguration.dataSource(HibernateConfiguration.java:40)
	at com.cts.training.config.HibernateConfiguration.dataSource(HibernateConfiguration.java:40)
	at com.cts.training.config.HibernateConfiguration.dataSource(HibernateConfiguration.java:40)
	at com.cts.training.config.HibernateConfiguration.dataSource(HibernateConfiguration.java:40)
	at com.cts.training.config.HibernateConfiguration.dataSource(HibernateConfiguration.java:40)
	at com.cts.training.config.HibernateConfiguration.dataSource(HibernateConfiguration.java:40)
	at com.cts.training.config.HibernateConfiguration.dataSource(HibernateConfiguration.java:40)
	at com.cts.training.config.HibernateConfiguration.dataSource(HibernateConfiguration.java:40)
	at com.cts.training.config.HibernateConfiguration.dataSource(HibernateConfiguration.java:40)
	at com.cts.training.config.HibernateConfiguration.dataSource(HibernateConfiguration.java:40)
	at com.cts.training.config.HibernateConfiguration.dataSource(HibernateConfiguration.java:40)
	at com.cts.training.config.HibernateConfiguration.dataSource(HibernateConfiguration.java:40)
	at com.cts.training.config.HibernateConfiguration.dataSource(HibernateConfiguration.java:40)
	at com.cts.training.config.HibernateConfiguration.dataSource(HibernateConfiguration.java:40)
	at com.cts.training.config.HibernateConfiguration.dataSource(HibernateConfiguration.java:40)
	at com.cts.training.config.HibernateConfiguration.dataSource(HibernateConfiguration.java:40)
	at com.cts.training.config.HibernateConfiguration.dataSource(HibernateConfiguration.java:40)
	at com.cts.training.config.HibernateConfiguration.dataSource(HibernateConfiguration.java:40)
	at com.cts.training.config.HibernateConfiguration.dataSource(HibernateConfiguration.java:40)
	at com.cts.training.config.HibernateConfiguration.dataSource(HibernateConfiguration.java:40)
	at com.cts.training.config.HibernateConfiguration.dataSource(HibernateConfiguration.java:40)
	at com.cts.training.config.HibernateConfiguration.dataSource(HibernateConfiguration.java:40)
	at com.cts.training.config.HibernateConfiguration.dataSource(HibernateConfiguration.java:40)
	at com.cts.training.config.HibernateConfiguration.dataSource(HibernateConfiguration.java:40)
	at com.cts.training.config.HibernateConfiguration.dataSource(HibernateConfiguration.java:40)
	at com.cts.training.config.HibernateConfiguration.dataSource(HibernateConfiguration.java:40)
	at com.cts.training.config.HibernateConfiguration.dataSource(HibernateConfiguration.java:40)
	at com.cts.training.config.HibernateConfiguration.dataSource(HibernateConfiguration.java:40)
	at com.cts.training.config.HibernateConfiguration.dataSource(HibernateConfiguration.java:40)
	at com.cts.training.config.HibernateConfiguration.dataSource(HibernateConfiguration.java:40)
	at com.cts.training.config.HibernateConfiguration.dataSource(HibernateConfiguration.java:40)
	at com.cts.training.config.HibernateConfiguration.dataSource(HibernateConfiguration.java:40)
	at com.cts.training.config.HibernateConfiguration.dataSource(HibernateConfiguration.java:40)
	at com.cts.training.config.HibernateConfiguration.dataSource(HibernateConfiguration.java:40)
	at com.cts.training.config.HibernateConfiguration.dataSource(HibernateConfiguration.java:40)
	at com.cts.training.config.HibernateConfiguration.dataSource(HibernateConfiguration.java:40)
	at com.cts.training.config.HibernateConfiguration.dataSource(HibernateConfiguration.java:40)
	at com.cts.training.config.HibernateConfiguration.dataSource(HibernateConfiguration.java:40)
	at com.cts.training.config.HibernateConfiguration.dataSource(HibernateConfiguration.java:40)
	at com.cts.training.config.HibernateConfiguration.dataSource(HibernateConfiguration.java:40)
	at com.cts.training.config.HibernateConfiguration.dataSource(HibernateConfiguration.java:40)
	at com.cts.training.config.HibernateConfiguration.dataSource(HibernateConfiguration.java:40)
	at com.cts.training.config.HibernateConfiguration.dataSource(HibernateConfiguration.java:40)
	at com.cts.training.config.HibernateConfiguration.dataSource(HibernateConfiguration.java:40)
	at com.cts.training.config.HibernateConfiguration.dataSource(HibernateConfiguration.java:40)
	at com.cts.training.config.HibernateConfiguration.dataSource(HibernateConfiguration.java:40)
	at com.cts.training.config.HibernateConfiguration.dataSource(HibernateConfiguration.java:40)
	at com.cts.training.config.HibernateConfiguration.dataSource(HibernateConfiguration.java:40)
	at com.cts.training.config.HibernateConfiguration.dataSource(HibernateConfiguration.java:40)
	at com.cts.training.config.HibernateConfiguration.dataSource(HibernateConfiguration.java:40)
	at com.cts.training.config.HibernateConfiguration.dataSource(HibernateConfiguration.java:40)
	at com.cts.training.config.HibernateConfiguration.dataSource(HibernateConfiguration.java:40)
	at com.cts.training.config.HibernateConfiguration.dataSource(HibernateConfiguration.java:40)
	at com.cts.training.config.HibernateConfiguration.dataSource(HibernateConfiguration.java:40)
	at com.cts.training.config.HibernateConfiguration.dataSource(HibernateConfiguration.java:40)
	at com.cts.training.config.HibernateConfiguration.dataSource(HibernateConfiguration.java:40)
	at com.cts.training.config.HibernateConfiguration.dataSource(HibernateConfiguration.java:40)
	at com.cts.training.config.HibernateConfiguration.dataSource(HibernateConfiguration.java:40)
	at com.cts.training.config.HibernateConfiguration.dataSource(HibernateConfiguration.java:40)
	at com.cts.training.config.HibernateConfiguration.dataSource(HibernateConfiguration.java:40)
	at com.cts.training.config.HibernateConfiguration.dataSource(HibernateConfiguration.java:40)
	at com.cts.training.config.HibernateConfiguration.dataSource(HibernateConfiguration.java:40)
	at com.cts.training.config.HibernateConfiguration.dataSource(HibernateConfiguration.java:40)
	at com.cts.training.config.HibernateConfiguration.dataSource(HibernateConfiguration.java:40)
	at com.cts.training.config.HibernateConfiguration.dataSource(HibernateConfiguration.java:40)
	at com.cts.training.config.HibernateConfiguration.dataSource(HibernateConfiguration.java:40)
	at com.cts.training.config.HibernateConfiguration.dataSource(HibernateConfiguration.java:40)
	at com.cts.training.config.HibernateConfiguration.dataSource(HibernateConfiguration.java:40)
	at com.cts.training.config.HibernateConfiguration.dataSource(HibernateConfiguration.java:40)
	at com.cts.training.config.HibernateConfiguration.dataSource(HibernateConfiguration.java:40)
	at com.cts.training.config.HibernateConfiguration.dataSource(HibernateConfiguration.java:40)
	at com.cts.training.config.HibernateConfiguration.dataSource(HibernateConfiguration.java:40)
	at com.cts.training.config.HibernateConfiguration.dataSource(HibernateConfiguration.java:40)
	at com.cts.training.config.HibernateConfiguration.dataSource(HibernateConfiguration.java:40)
	at com.cts.training.config.HibernateConfiguration.dataSource(HibernateConfiguration.java:40)
	at com.cts.training.config.HibernateConfiguration.dataSource(HibernateConfiguration.java:40)
	at com.cts.training.config.HibernateConfiguration.dataSource(HibernateConfiguration.java:40)
	at com.cts.training.config.HibernateConfiguration.dataSource(HibernateConfiguration.java:40)
	at com.cts.training.config.HibernateConfiguration.dataSource(HibernateConfiguration.java:40)
	at com.cts.training.config.HibernateConfiguration.dataSource(HibernateConfiguration.java:40)
	at com.cts.training.config.HibernateConfiguration.dataSource(HibernateConfiguration.java:40)
	at com.cts.training.config.HibernateConfiguration.dataSource(HibernateConfiguration.java:40)
	at com.cts.training.config.HibernateConfiguration.dataSource(HibernateConfiguration.java:40)
	at com.cts.training.config.HibernateConfiguration.dataSource(HibernateConfiguration.java:40)
	at com.cts.training.config.HibernateConfiguration.dataSource(HibernateConfiguration.java:40)
	at com.cts.training.config.HibernateConfiguration.dataSource(HibernateConfiguration.java:40)
	at com.cts.training.config.HibernateConfiguration.dataSource(HibernateConfiguration.java:40)
	at com.cts.training.config.HibernateConfiguration.dataSource(HibernateConfiguration.java:40)
	at com.cts.training.config.HibernateConfiguration.dataSource(HibernateConfiguration.java:40)
	at com.cts.training.config.HibernateConfiguration.dataSource(HibernateConfiguration.java:40)
	at com.cts.training.config.HibernateConfiguration.dataSource(HibernateConfiguration.java:40)
	at com.cts.training.config.HibernateConfiguration.dataSource(HibernateConfiguration.java:40)
	at com.cts.training.config.HibernateConfiguration.dataSource(HibernateConfiguration.java:40)
	at com.cts.training.config.HibernateConfiguration.dataSource(HibernateConfiguration.java:40)
	at com.cts.training.config.HibernateConfiguration.dataSource(HibernateConfiguration.java:40)
	at com.cts.training.config.HibernateConfiguration.dataSource(HibernateConfiguration.java:40)
	at com.cts.training.config.HibernateConfiguration.dataSource(HibernateConfiguration.java:40)
	at com.cts.training.config.HibernateConfiguration.dataSource(HibernateConfiguration.java:40)
	at com.cts.training.config.HibernateConfiguration.dataSource(HibernateConfiguration.java:40)
	at com.cts.training.config.HibernateConfiguration.dataSource(HibernateConfiguration.java:40)
	at com.cts.training.config.HibernateConfiguration.dataSource(HibernateConfiguration.java:40)
	at com.cts.training.config.HibernateConfiguration.dataSource(HibernateConfiguration.java:40)
	at com.cts.training.config.HibernateConfiguration.dataSource(HibernateConfiguration.java:40)
	at com.cts.training.config.HibernateConfiguration.dataSource(HibernateConfiguration.java:40)
	at com.cts.training.config.HibernateConfiguration.dataSource(HibernateConfiguration.java:40)
	at com.cts.training.config.HibernateConfiguration.dataSource(HibernateConfiguration.java:40)
	at com.cts.training.config.HibernateConfiguration.dataSource(HibernateConfiguration.java:40)
	at com.cts.training.config.HibernateConfiguration.dataSource(HibernateConfiguration.java:40)
	at com.cts.training.config.HibernateConfiguration.dataSource(HibernateConfiguration.java:40)
	at com.cts.training.config.HibernateConfiguration.dataSource(HibernateConfiguration.java:40)
	at com.cts.training.config.HibernateConfiguration.dataSource(HibernateConfiguration.java:40)
	at com.cts.training.config.HibernateConfiguration.dataSource(HibernateConfiguration.java:40)
	at com.cts.training.config.HibernateConfiguration.dataSource(HibernateConfiguration.java:40)
	at com.cts.training.config.HibernateConfiguration.dataSource(HibernateConfiguration.java:40)
	at com.cts.training.config.HibernateConfiguration.dataSource(HibernateConfiguration.java:40)
	at com.cts.training.config.HibernateConfiguration.dataSource(HibernateConfiguration.java:40)
	at com.cts.training.config.HibernateConfiguration.dataSource(HibernateConfiguration.java:40)
	at com.cts.training.config.HibernateConfiguration.dataSource(HibernateConfiguration.java:40)
	at com.cts.training.config.HibernateConfiguration.dataSource(HibernateConfiguration.java:40)
	at com.cts.training.config.HibernateConfiguration.dataSource(HibernateConfiguration.java:40)
	at com.cts.training.config.HibernateConfiguration.dataSource(HibernateConfiguration.java:40)
	at com.cts.training.config.HibernateConfiguration.dataSource(HibernateConfiguration.java:40)
	at com.cts.training.config.HibernateConfiguration.dataSource(HibernateConfiguration.java:40)
	at com.cts.training.config.HibernateConfiguration.dataSource(HibernateConfiguration.java:40)
	at com.cts.training.config.HibernateConfiguration.dataSource(HibernateConfiguration.java:40)
	at com.cts.training.config.HibernateConfiguration.dataSource(HibernateConfiguration.java:40)
	at com.cts.training.config.HibernateConfiguration.dataSource(HibernateConfiguration.java:40)
	at com.cts.training.config.HibernateConfiguration.dataSource(HibernateConfiguration.java:40)
	at com.cts.training.config.HibernateConfiguration.dataSource(HibernateConfiguration.java:40)
	at com.cts.training.config.HibernateConfiguration.dataSource(HibernateConfiguration.java:40)
	at com.cts.training.config.HibernateConfiguration.dataSource(HibernateConfiguration.java:40)
	at com.cts.training.config.HibernateConfiguration.dataSource(HibernateConfiguration.java:40)
	at com.cts.training.config.HibernateConfiguration.dataSource(HibernateConfiguration.java:40)
	at com.cts.training.config.HibernateConfiguration.dataSource(HibernateConfiguration.java:40)
	at com.cts.training.config.HibernateConfiguration.dataSource(HibernateConfiguration.java:40)
	at com.cts.training.config.HibernateConfiguration.dataSource(HibernateConfiguration.java:40)
	at com.cts.training.config.HibernateConfiguration.dataSource(HibernateConfiguration.java:40)
	at com.cts.training.config.HibernateConfiguration.dataSource(HibernateConfiguration.java:40)
	at com.cts.training.config.HibernateConfiguration.dataSource(HibernateConfiguration.java:40)
	at com.cts.training.config.HibernateConfiguration.dataSource(HibernateConfiguration.java:40)
	at com.cts.training.config.HibernateConfiguration.dataSource(HibernateConfiguration.java:40)
	at com.cts.training.config.HibernateConfiguration.dataSource(HibernateConfiguration.java:40)
	at com.cts.training.config.HibernateConfiguration.dataSource(HibernateConfiguration.java:40)
	at com.cts.training.config.HibernateConfiguration.dataSource(HibernateConfiguration.java:40)
	at com.cts.training.config.HibernateConfiguration.dataSource(HibernateConfiguration.java:40)
	at com.cts.training.config.HibernateConfiguration.dataSource(HibernateConfiguration.java:40)
	at com.cts.training.config.HibernateConfiguration.dataSource(HibernateConfiguration.java:40)
	at com.cts.training.config.HibernateConfiguration.dataSource(HibernateConfiguration.java:40)
	at com.cts.training.config.HibernateConfiguration.dataSource(HibernateConfiguration.java:40)
	at com.cts.training.config.HibernateConfiguration.dataSource(HibernateConfiguration.java:40)
	at com.cts.training.config.HibernateConfiguration.dataSource(HibernateConfiguration.java:40)
	at com.cts.training.config.HibernateConfiguration.dataSource(HibernateConfiguration.java:40)
	at com.cts.training.config.HibernateConfiguration.dataSource(HibernateConfiguration.java:40)
	at com.cts.training.config.HibernateConfiguration.dataSource(HibernateConfiguration.java:40)
	at com.cts.training.config.HibernateConfiguration.dataSource(HibernateConfiguration.java:40)
	at com.cts.training.config.HibernateConfiguration.dataSource(HibernateConfiguration.java:40)
	at com.cts.training.config.HibernateConfiguration.dataSource(HibernateConfiguration.java:40)
	at com.cts.training.config.HibernateConfiguration.dataSource(HibernateConfiguration.java:40)
	at com.cts.training.config.HibernateConfiguration.dataSource(HibernateConfiguration.java:40)
	at com.cts.training.config.HibernateConfiguration.dataSource(HibernateConfiguration.java:40)
	at com.cts.training.config.HibernateConfiguration.dataSource(HibernateConfiguration.java:40)
	at com.cts.training.config.HibernateConfiguration.dataSource(HibernateConfiguration.java:40)
	at com.cts.training.config.HibernateConfiguration.dataSource(HibernateConfiguration.java:40)
	at com.cts.training.config.HibernateConfiguration.dataSource(HibernateConfiguration.java:40)
	at com.cts.training.config.HibernateConfiguration.dataSource(HibernateConfiguration.java:40)
	at com.cts.training.config.HibernateConfiguration.dataSource(HibernateConfiguration.java:40)
	at com.cts.training.config.HibernateConfiguration.dataSource(HibernateConfiguration.java:40)
	at com.cts.training.config.HibernateConfiguration.dataSource(HibernateConfiguration.java:40)
	at com.cts.training.config.HibernateConfiguration.dataSource(HibernateConfiguration.java:40)
	at com.cts.training.config.HibernateConfiguration.dataSource(HibernateConfiguration.java:40)
	at com.cts.training.config.HibernateConfiguration.dataSource(HibernateConfiguration.java:40)
	at com.cts.training.config.HibernateConfiguration.dataSource(HibernateConfiguration.java:40)
	at com.cts.training.config.HibernateConfiguration.dataSource(HibernateConfiguration.java:40)
	at com.cts.training.config.HibernateConfiguration.dataSource(HibernateConfiguration.java:40)
	at com.cts.training.config.HibernateConfiguration.dataSource(HibernateConfiguration.java:40)
	at com.cts.training.config.HibernateConfiguration.dataSource(HibernateConfiguration.java:40)
	at com.cts.training.config.HibernateConfiguration.dataSource(HibernateConfiguration.java:40)
	at com.cts.training.config.HibernateConfiguration.dataSource(HibernateConfiguration.java:40)
	at com.cts.training.config.HibernateConfiguration.dataSource(HibernateConfiguration.java:40)
	at com.cts.training.config.HibernateConfiguration.dataSource(HibernateConfiguration.java:40)
	at com.cts.training.config.HibernateConfiguration.dataSource(HibernateConfiguration.java:40)
	at com.cts.training.config.HibernateConfiguration.dataSource(HibernateConfiguration.java:40)
	at com.cts.training.config.HibernateConfiguration.dataSource(HibernateConfiguration.java:40)
	at com.cts.training.config.HibernateConfiguration.dataSource(HibernateConfiguration.java:40)
	at com.cts.training.config.HibernateConfiguration.dataSource(HibernateConfiguration.java:40)
	at com.cts.training.config.HibernateConfiguration.dataSource(HibernateConfiguration.java:40)
	at com.cts.training.config.HibernateConfiguration.dataSource(HibernateConfiguration.java:40)
	at com.cts.training.config.HibernateConfiguration.dataSource(HibernateConfiguration.java:40)
	at com.cts.training.config.HibernateConfiguration.dataSource(HibernateConfiguration.java:40)
	at com.cts.training.config.HibernateConfiguration.dataSource(HibernateConfiguration.java:40)
	at com.cts.training.config.HibernateConfiguration.dataSource(HibernateConfiguration.java:40)
	at com.cts.training.config.HibernateConfiguration.dataSource(HibernateConfiguration.java:40)
	at com.cts.training.config.HibernateConfiguration.dataSource(HibernateConfiguration.java:40)
	at com.cts.training.config.HibernateConfiguration.dataSource(HibernateConfiguration.java:40)
	at com.cts.training.config.HibernateConfiguration.dataSource(HibernateConfiguration.java:40)
	at com.cts.training.config.HibernateConfiguration.dataSource(HibernateConfiguration.java:40)
	at com.cts.training.config.HibernateConfiguration.dataSource(HibernateConfiguration.java:40)
	at com.cts.training.config.HibernateConfiguration.dataSource(HibernateConfiguration.java:40)
	at com.cts.training.config.HibernateConfiguration.dataSource(HibernateConfiguration.java:40)
	at com.cts.training.config.HibernateConfiguration.dataSource(HibernateConfiguration.java:40)
	at com.cts.training.config.HibernateConfiguration.dataSource(HibernateConfiguration.java:40)
	at com.cts.training.config.HibernateConfiguration.dataSource(HibernateConfiguration.java:40)
	at com.cts.training.config.HibernateConfiguration.dataSource(HibernateConfiguration.java:40)
	at com.cts.training.config.HibernateConfiguration.dataSource(HibernateConfiguration.java:40)
	at com.cts.training.config.HibernateConfiguration.dataSource(HibernateConfiguration.java:40)
	at com.cts.training.config.HibernateConfiguration.dataSource(HibernateConfiguration.java:40)
	at com.cts.training.config.HibernateConfiguration.dataSource(HibernateConfiguration.java:40)
	at com.cts.training.config.HibernateConfiguration.dataSource(HibernateConfiguration.java:40)
	at com.cts.training.config.HibernateConfiguration.dataSource(HibernateConfiguration.java:40)
	at com.cts.training.config.HibernateConfiguration.dataSource(HibernateConfiguration.java:40)
	at com.cts.training.config.HibernateConfiguration.dataSource(HibernateConfiguration.java:40)
	at com.cts.training.config.HibernateConfiguration.dataSource(HibernateConfiguration.java:40)
	at com.cts.training.config.HibernateConfiguration.dataSource(HibernateConfiguration.java:40)
	at com.cts.training.config.HibernateConfiguration.dataSource(HibernateConfiguration.java:40)
	at com.cts.training.config.HibernateConfiguration.dataSource(HibernateConfiguration.java:40)
	at com.cts.training.config.HibernateConfiguration.dataSource(HibernateConfiguration.java:40)
	at com.cts.training.config.HibernateConfiguration.dataSource(HibernateConfiguration.java:40)
	at com.cts.training.config.HibernateConfiguration.dataSource(HibernateConfiguration.java:40)
	at com.cts.training.config.HibernateConfiguration.dataSource(HibernateConfiguration.java:40)
	at com.cts.training.config.HibernateConfiguration.dataSource(HibernateConfiguration.java:40)
	at com.cts.training.config.HibernateConfiguration.dataSource(HibernateConfiguration.java:40)
	at com.cts.training.config.HibernateConfiguration.dataSource(HibernateConfiguration.java:40)
	at com.cts.training.config.HibernateConfiguration.dataSource(HibernateConfiguration.java:40)
	at com.cts.training.config.HibernateConfiguration.dataSource(HibernateConfiguration.java:40)
	at com.cts.training.config.HibernateConfiguration.dataSource(HibernateConfiguration.java:40)
	at com.cts.training.config.HibernateConfiguration.dataSource(HibernateConfiguration.java:40)
	at com.cts.training.config.HibernateConfiguration.dataSource(HibernateConfiguration.java:40)
	at com.cts.training.config.HibernateConfiguration.dataSource(HibernateConfiguration.java:40)
	at com.cts.training.config.HibernateConfiguration.dataSource(HibernateConfiguration.java:40)
	at com.cts.training.config.HibernateConfiguration.dataSource(HibernateConfiguration.java:40)
	at com.cts.training.config.HibernateConfiguration.dataSource(HibernateConfiguration.java:40)
	at com.cts.training.config.HibernateConfiguration.dataSource(HibernateConfiguration.java:40)
	at com.cts.training.config.HibernateConfiguration.dataSource(HibernateConfiguration.java:40)
	at com.cts.training.config.HibernateConfiguration.dataSource(HibernateConfiguration.java:40)
	at com.cts.training.config.HibernateConfiguration.dataSource(HibernateConfiguration.java:40)
	at com.cts.training.config.HibernateConfiguration.dataSource(HibernateConfiguration.java:40)
	at com.cts.training.config.HibernateConfiguration.dataSource(HibernateConfiguration.java:40)
	at com.cts.training.config.HibernateConfiguration.dataSource(HibernateConfiguration.java:40)
	at com.cts.training.config.HibernateConfiguration.dataSource(HibernateConfiguration.java:40)
	at com.cts.training.config.HibernateConfiguration.dataSource(HibernateConfiguration.java:40)
	at com.cts.training.config.HibernateConfiguration.dataSource(HibernateConfiguration.java:40)
	at com.cts.training.config.HibernateConfiguration.dataSource(HibernateConfiguration.java:40)
	at com.cts.training.config.HibernateConfiguration.dataSource(HibernateConfiguration.java:40)
	at com.cts.training.config.HibernateConfiguration.dataSource(HibernateConfiguration.java:40)
	at com.cts.training.config.HibernateConfiguration.dataSource(HibernateConfiguration.java:40)
	at com.cts.training.config.HibernateConfiguration.dataSource(HibernateConfiguration.java:40)
	at com.cts.training.config.HibernateConfiguration.dataSource(HibernateConfiguration.java:40)
	at com.cts.training.config.HibernateConfiguration.dataSource(HibernateConfiguration.java:40)
	at com.cts.training.config.HibernateConfiguration.dataSource(HibernateConfiguration.java:40)
	at com.cts.training.config.HibernateConfiguration.dataSource(HibernateConfiguration.java:40)
	at com.cts.training.config.HibernateConfiguration.dataSource(HibernateConfiguration.java:40)
	at com.cts.training.config.HibernateConfiguration.dataSource(HibernateConfiguration.java:40)
	at com.cts.training.config.HibernateConfiguration.dataSource(HibernateConfiguration.java:40)
	at com.cts.training.config.HibernateConfiguration.dataSource(HibernateConfiguration.java:40)
	at com.cts.training.config.HibernateConfiguration.dataSource(HibernateConfiguration.java:40)
	at com.cts.training.config.HibernateConfiguration.dataSource(HibernateConfiguration.java:40)
	at com.cts.training.config.HibernateConfiguration.dataSource(HibernateConfiguration.java:40)
	at com.cts.training.config.HibernateConfiguration.dataSource(HibernateConfiguration.java:40)
	at com.cts.training.config.HibernateConfiguration.dataSource(HibernateConfiguration.java:40)
	at com.cts.training.config.HibernateConfiguration.dataSource(HibernateConfiguration.java:40)
	at com.cts.training.config.HibernateConfiguration.dataSource(HibernateConfiguration.java:40)
	at com.cts.training.config.HibernateConfiguration.dataSource(HibernateConfiguration.java:40)
	at com.cts.training.config.HibernateConfiguration.dataSource(HibernateConfiguration.java:40)
	at com.cts.training.config.HibernateConfiguration.dataSource(HibernateConfiguration.java:40)
	at com.cts.training.config.HibernateConfiguration.dataSource(HibernateConfiguration.java:40)
	at com.cts.training.config.HibernateConfiguration.dataSource(HibernateConfiguration.java:40)
	at com.cts.training.config.HibernateConfiguration.dataSource(HibernateConfiguration.java:40)
	at com.cts.training.config.HibernateConfiguration.dataSource(HibernateConfiguration.java:40)
	at com.cts.training.config.HibernateConfiguration.dataSource(HibernateConfiguration.java:40)
	at com.cts.training.config.HibernateConfiguration.dataSource(HibernateConfiguration.java:40)
	at com.cts.training.config.HibernateConfiguration.dataSource(HibernateConfiguration.java:40)
	at com.cts.training.config.HibernateConfiguration.dataSource(HibernateConfiguration.java:40)
	at com.cts.training.config.HibernateConfiguration.dataSource(HibernateConfiguration.java:40)
	at com.cts.training.config.HibernateConfiguration.dataSource(HibernateConfiguration.java:40)
	at com.cts.training.config.HibernateConfiguration.dataSource(HibernateConfiguration.java:40)
	at com.cts.training.config.HibernateConfiguration.dataSource(HibernateConfiguration.java:40)
	at com.cts.training.config.HibernateConfiguration.dataSource(HibernateConfiguration.java:40)
	at com.cts.training.config.HibernateConfiguration.dataSource(HibernateConfiguration.java:40)
	at com.cts.training.config.HibernateConfiguration.dataSource(HibernateConfiguration.java:40)
	at com.cts.training.config.HibernateConfiguration.dataSource(HibernateConfiguration.java:40)
	at com.cts.training.config.HibernateConfiguration.dataSource(HibernateConfiguration.java:40)
	at com.cts.training.config.HibernateConfiguration.dataSource(HibernateConfiguration.java:40)
	at com.cts.training.config.HibernateConfiguration.dataSource(HibernateConfiguration.java:40)
	at com.cts.training.config.HibernateConfiguration.dataSource(HibernateConfiguration.java:40)
	at com.cts.training.config.HibernateConfiguration.dataSource(HibernateConfiguration.java:40)
	at com.cts.training.config.HibernateConfiguration.dataSource(HibernateConfiguration.java:40)
	at com.cts.training.config.HibernateConfiguration.dataSource(HibernateConfiguration.java:40)
	at com.cts.training.config.HibernateConfiguration.dataSource(HibernateConfiguration.java:40)
	at com.cts.training.config.HibernateConfiguration.dataSource(HibernateConfiguration.java:40)
	at com.cts.training.config.HibernateConfiguration.dataSource(HibernateConfiguration.java:40)
	at com.cts.training.config.HibernateConfiguration.dataSource(HibernateConfiguration.java:40)
	at com.cts.training.config.HibernateConfiguration.dataSource(HibernateConfiguration.java:40)
	at com.cts.training.config.HibernateConfiguration.dataSource(HibernateConfiguration.java:40)
	at com.cts.training.config.HibernateConfiguration.dataSource(HibernateConfiguration.java:40)
	at com.cts.training.config.HibernateConfiguration.dataSource(HibernateConfiguration.java:40)
	at com.cts.training.config.HibernateConfiguration.dataSource(HibernateConfiguration.java:40)
	at com.cts.training.config.HibernateConfiguration.dataSource(HibernateConfiguration.java:40)
	at com.cts.training.config.HibernateConfiguration.dataSource(HibernateConfiguration.java:40)
	at com.cts.training.config.HibernateConfiguration.dataSource(HibernateConfiguration.java:40)
	at com.cts.training.config.HibernateConfiguration.dataSource(HibernateConfiguration.java:40)
	at com.cts.training.config.HibernateConfiguration.dataSource(HibernateConfiguration.java:40)
	at com.cts.training.config.HibernateConfiguration.dataSource(HibernateConfiguration.java:40)
	at com.cts.training.config.HibernateConfiguration.dataSource(HibernateConfiguration.java:40)
	at com.cts.training.config.HibernateConfiguration.dataSource(HibernateConfiguration.java:40)
	at com.cts.training.config.HibernateConfiguration.dataSource(HibernateConfiguration.java:40)
	at com.cts.training.config.HibernateConfiguration.dataSource(HibernateConfiguration.java:40)
	at com.cts.training.config.HibernateConfiguration.dataSource(HibernateConfiguration.java:40)
	at com.cts.training.config.HibernateConfiguration.dataSource(HibernateConfiguration.java:40)
	at com.cts.training.config.HibernateConfiguration.dataSource(HibernateConfiguration.java:40)
	at com.cts.training.config.HibernateConfiguration.dataSource(HibernateConfiguration.java:40)
	at com.cts.training.config.HibernateConfiguration.dataSource(HibernateConfiguration.java:40)
	at com.cts.training.config.HibernateConfiguration.dataSource(HibernateConfiguration.java:40)
	at com.cts.training.config.HibernateConfiguration.dataSource(HibernateConfiguration.java:40)
	at com.cts.training.config.HibernateConfiguration.dataSource(HibernateConfiguration.java:40)
	at com.cts.training.config.HibernateConfiguration.dataSource(HibernateConfiguration.java:40)
	at com.cts.training.config.HibernateConfiguration.dataSource(HibernateConfiguration.java:40)
	at com.cts.training.config.HibernateConfiguration.dataSource(HibernateConfiguration.java:40)
	at com.cts.training.config.HibernateConfiguration.dataSource(HibernateConfiguration.java:40)
	at com.cts.training.config.HibernateConfiguration.dataSource(HibernateConfiguration.java:40)
	at com.cts.training.config.HibernateConfiguration.dataSource(HibernateConfiguration.java:40)
	at com.cts.training.config.HibernateConfiguration.dataSource(HibernateConfiguration.java:40)
	at com.cts.training.config.HibernateConfiguration.dataSource(HibernateConfiguration.java:40)
	at com.cts.training.config.HibernateConfiguration.dataSource(HibernateConfiguration.java:40)
	at com.cts.training.config.HibernateConfiguration.dataSource(HibernateConfiguration.java:40)
	at com.cts.training.config.HibernateConfiguration.dataSource(HibernateConfiguration.java:40)
	at com.cts.training.config.HibernateConfiguration.dataSource(HibernateConfiguration.java:40)
	at com.cts.training.config.HibernateConfiguration.dataSource(HibernateConfiguration.java:40)
	at com.cts.training.config.HibernateConfiguration.dataSource(HibernateConfiguration.java:40)
	at com.cts.training.config.HibernateConfiguration.dataSource(HibernateConfiguration.java:40)
	at com.cts.training.config.HibernateConfiguration.dataSource(HibernateConfiguration.java:40)
	at com.cts.training.config.HibernateConfiguration.dataSource(HibernateConfiguration.java:40)
	at com.cts.training.config.HibernateConfiguration.dataSource(HibernateConfiguration.java:40)
	at com.cts.training.config.HibernateConfiguration.dataSource(HibernateConfiguration.java:40)
	at com.cts.training.config.HibernateConfiguration.dataSource(HibernateConfiguration.java:40)
	at com.cts.training.config.HibernateConfiguration.dataSource(HibernateConfiguration.java:40)
	at com.cts.training.config.HibernateConfiguration.dataSource(HibernateConfiguration.java:40)
	at com.cts.training.config.HibernateConfiguration.dataSource(HibernateConfiguration.java:40)
	at com.cts.training.config.HibernateConfiguration.dataSource(HibernateConfiguration.java:40)
	at com.cts.training.config.HibernateConfiguration.dataSource(HibernateConfiguration.java:40)
	at com.cts.training.config.HibernateConfiguration.dataSource(HibernateConfiguration.java:40)
	at com.cts.training.config.HibernateConfiguration.dataSource(HibernateConfiguration.java:40)
	at com.cts.training.config.HibernateConfiguration.dataSource(HibernateConfiguration.java:40)
	at com.cts.training.config.HibernateConfiguration.dataSource(HibernateConfiguration.java:40)
	at com.cts.training.config.HibernateConfiguration.dataSource(HibernateConfiguration.java:40)
	at com.cts.training.config.HibernateConfiguration.dataSource(HibernateConfiguration.java:40)
	at com.cts.training.config.HibernateConfiguration.dataSource(HibernateConfiguration.java:40)
	at com.cts.training.config.HibernateConfiguration.dataSource(HibernateConfiguration.java:40)
	at com.cts.training.config.HibernateConfiguration.dataSource(HibernateConfiguration.java:40)
	at com.cts.training.config.HibernateConfiguration.dataSource(HibernateConfiguration.java:40)
	at com.cts.training.config.HibernateConfiguration.dataSource(HibernateConfiguration.java:40)
	at com.cts.training.config.HibernateConfiguration.dataSource(HibernateConfiguration.java:40)
	at com.cts.training.config.HibernateConfiguration.dataSource(HibernateConfiguration.java:40)
	at com.cts.training.config.HibernateConfiguration.dataSource(HibernateConfiguration.java:40)
	at com.cts.training.config.HibernateConfiguration.dataSource(HibernateConfiguration.java:40)
	at com.cts.training.config.HibernateConfiguration.dataSource(HibernateConfiguration.java:40)
	at com.cts.training.config.HibernateConfiguration.dataSource(HibernateConfiguration.java:40)
	at com.cts.training.config.HibernateConfiguration.dataSource(HibernateConfiguration.java:40)
	at com.cts.training.config.HibernateConfiguration.dataSource(HibernateConfiguration.java:40)
	at com.cts.training.config.HibernateConfiguration.dataSource(HibernateConfiguration.java:40)
	at com.cts.training.config.HibernateConfiguration.dataSource(HibernateConfiguration.java:40)
	at com.cts.training.config.HibernateConfiguration.dataSource(HibernateConfiguration.java:40)
	at com.cts.training.config.HibernateConfiguration.dataSource(HibernateConfiguration.java:40)
	at com.cts.training.config.HibernateConfiguration.dataSource(HibernateConfiguration.java:40)
	at com.cts.training.config.HibernateConfiguration.dataSource(HibernateConfiguration.java:40)
	at com.cts.training.config.HibernateConfiguration.dataSource(HibernateConfiguration.java:40)
	at com.cts.training.config.HibernateConfiguration.dataSource(HibernateConfiguration.java:40)
	at com.cts.training.config.HibernateConfiguration.dataSource(HibernateConfiguration.java:40)
	at com.cts.training.config.HibernateConfiguration.dataSource(HibernateConfiguration.java:40)
	at com.cts.training.config.HibernateConfiguration.dataSource(HibernateConfiguration.java:40)
	at com.cts.training.config.HibernateConfiguration.dataSource(HibernateConfiguration.java:40)
	at com.cts.training.config.HibernateConfiguration.dataSource(HibernateConfiguration.java:40)
	at com.cts.training.config.HibernateConfiguration.dataSource(HibernateConfiguration.java:40)
	at com.cts.training.config.HibernateConfiguration.dataSource(HibernateConfiguration.java:40)
	at com.cts.training.config.HibernateConfiguration.dataSource(HibernateConfiguration.java:40)
	at com.cts.training.config.HibernateConfiguration.dataSource(HibernateConfiguration.java:40)
	at com.cts.training.config.HibernateConfiguration.dataSource(HibernateConfiguration.java:40)
	at com.cts.training.config.HibernateConfiguration.dataSource(HibernateConfiguration.java:40)
	at com.cts.training.config.HibernateConfiguration.dataSource(HibernateConfiguration.java:40)
	at com.cts.training.config.HibernateConfiguration.dataSource(HibernateConfiguration.java:40)
	at com.cts.training.config.HibernateConfiguration.dataSource(HibernateConfiguration.java:40)
	at com.cts.training.config.HibernateConfiguration.dataSource(HibernateConfiguration.java:40)
	at com.cts.training.config.HibernateConfiguration.dataSource(HibernateConfiguration.java:40)
	at com.cts.training.config.HibernateConfiguration.dataSource(HibernateConfiguration.java:40)
	at com.cts.training.config.HibernateConfiguration.dataSource(HibernateConfiguration.java:40)
	at com.cts.training.config.HibernateConfiguration.dataSource(HibernateConfiguration.java:40)
	at com.cts.training.config.HibernateConfiguration.dataSource(HibernateConfiguration.java:40)
	at com.cts.training.config.HibernateConfiguration.dataSource(HibernateConfiguration.java:40)
	at com.cts.training.config.HibernateConfiguration.dataSource(HibernateConfiguration.java:40)
	at com.cts.training.config.HibernateConfiguration.dataSource(HibernateConfiguration.java:40)
	at com.cts.training.config.HibernateConfiguration.dataSource(HibernateConfiguration.java:40)
	at com.cts.training.config.HibernateConfiguration.dataSource(HibernateConfiguration.java:40)
	at com.cts.training.config.HibernateConfiguration.dataSource(HibernateConfiguration.java:40)
	at com.cts.training.config.HibernateConfiguration.dataSource(HibernateConfiguration.java:40)
	at com.cts.training.config.HibernateConfiguration.dataSource(HibernateConfiguration.java:40)
	at com.cts.training.config.HibernateConfiguration.dataSource(HibernateConfiguration.java:40)
	at com.cts.training.config.HibernateConfiguration.dataSource(HibernateConfiguration.java:40)
	at com.cts.training.config.HibernateConfiguration.dataSource(HibernateConfiguration.java:40)
	at com.cts.training.config.HibernateConfiguration.dataSource(HibernateConfiguration.java:40)
	at com.cts.training.config.HibernateConfiguration.dataSource(HibernateConfiguration.java:40)
	at com.cts.training.config.HibernateConfiguration.dataSource(HibernateConfiguration.java:40)
	at com.cts.training.config.HibernateConfiguration.dataSource(HibernateConfiguration.java:40)
	at com.cts.training.config.HibernateConfiguration.dataSource(HibernateConfiguration.java:40)
	at com.cts.training.config.HibernateConfiguration.dataSource(HibernateConfiguration.java:40)
	at com.cts.training.config.HibernateConfiguration.dataSource(HibernateConfiguration.java:40)
	at com.cts.training.config.HibernateConfiguration.dataSource(HibernateConfiguration.java:40)
	at com.cts.training.config.HibernateConfiguration.dataSource(HibernateConfiguration.java:40)
	at com.cts.training.config.HibernateConfiguration.dataSource(HibernateConfiguration.java:40)
	at com.cts.training.config.HibernateConfiguration.dataSource(HibernateConfiguration.java:40)
	at com.cts.training.config.HibernateConfiguration.dataSource(HibernateConfiguration.java:40)
	at com.cts.training.config.HibernateConfiguration.dataSource(HibernateConfiguration.java:40)
	at com.cts.training.config.HibernateConfiguration.dataSource(HibernateConfiguration.java:40)
	at com.cts.training.config.HibernateConfiguration.dataSource(HibernateConfiguration.java:40)
	at com.cts.training.config.HibernateConfiguration.dataSource(HibernateConfiguration.java:40)
	at com.cts.training.config.HibernateConfiguration.dataSource(HibernateConfiguration.java:40)
	at com.cts.training.config.HibernateConfiguration.dataSource(HibernateConfiguration.java:40)
	at com.cts.training.config.HibernateConfiguration.dataSource(HibernateConfiguration.java:40)
	at com.cts.training.config.HibernateConfiguration.dataSource(HibernateConfiguration.java:40)
	at com.cts.training.config.HibernateConfiguration.dataSource(HibernateConfiguration.java:40)
	at com.cts.training.config.HibernateConfiguration.dataSource(HibernateConfiguration.java:40)
	at com.cts.training.config.HibernateConfiguration.dataSource(HibernateConfiguration.java:40)
	at com.cts.training.config.HibernateConfiguration.dataSource(HibernateConfiguration.java:40)
	at com.cts.training.config.HibernateConfiguration.dataSource(HibernateConfiguration.java:40)
	at com.cts.training.config.HibernateConfiguration.dataSource(HibernateConfiguration.java:40)
	at com.cts.training.config.HibernateConfiguration.dataSource(HibernateConfiguration.java:40)
	at com.cts.training.config.HibernateConfiguration.dataSource(HibernateConfiguration.java:40)
	at com.cts.training.config.HibernateConfiguration.dataSource(HibernateConfiguration.java:40)
	at com.cts.training.config.HibernateConfiguration.dataSource(HibernateConfiguration.java:40)
	at com.cts.training.config.HibernateConfiguration.dataSource(HibernateConfiguration.java:40)
	at com.cts.training.config.HibernateConfiguration.dataSource(HibernateConfiguration.java:40)
	at com.cts.training.config.HibernateConfiguration.dataSource(HibernateConfiguration.java:40)
	at com.cts.training.config.HibernateConfiguration.dataSource(HibernateConfiguration.java:40)
	at com.cts.training.config.HibernateConfiguration.dataSource(HibernateConfiguration.java:40)
	at com.cts.training.config.HibernateConfiguration.dataSource(HibernateConfiguration.java:40)
	at com.cts.training.config.HibernateConfiguration.dataSource(HibernateConfiguration.java:40)
	at com.cts.training.config.HibernateConfiguration.dataSource(HibernateConfiguration.java:40)
	at com.cts.training.config.HibernateConfiguration.dataSource(HibernateConfiguration.java:40)
	at com.cts.training.config.HibernateConfiguration.dataSource(HibernateConfiguration.java:40)
	at com.cts.training.config.HibernateConfiguration.dataSource(HibernateConfiguration.java:40)
	at com.cts.training.config.HibernateConfiguration.dataSource(HibernateConfiguration.java:40)
	at com.cts.training.config.HibernateConfiguration.dataSource(HibernateConfiguration.java:40)
	at com.cts.training.config.HibernateConfiguration.dataSource(HibernateConfiguration.java:40)
	at com.cts.training.config.HibernateConfiguration.dataSource(HibernateConfiguration.java:40)
	at com.cts.training.config.HibernateConfiguration.dataSource(HibernateConfiguration.java:40)
	at com.cts.training.config.HibernateConfiguration.dataSource(HibernateConfiguration.java:40)
	at com.cts.training.config.HibernateConfiguration.dataSource(HibernateConfiguration.java:40)
	at com.cts.training.config.HibernateConfiguration.dataSource(HibernateConfiguration.java:40)
	at com.cts.training.config.HibernateConfiguration.dataSource(HibernateConfiguration.java:40)
	at com.cts.training.config.HibernateConfiguration.dataSource(HibernateConfiguration.java:40)
	at com.cts.training.config.HibernateConfiguration.dataSource(HibernateConfiguration.java:40)
	at com.cts.training.config.HibernateConfiguration.dataSource(HibernateConfiguration.java:40)
	at com.cts.training.config.HibernateConfiguration.dataSource(HibernateConfiguration.java:40)
	at com.cts.training.config.HibernateConfiguration.dataSource(HibernateConfiguration.java:40)
	at com.cts.training.config.HibernateConfiguration.dataSource(HibernateConfiguration.java:40)
	at com.cts.training.config.HibernateConfiguration.dataSource(HibernateConfiguration.java:40)
	at com.cts.training.config.HibernateConfiguration.dataSource(HibernateConfiguration.java:40)
	at com.cts.training.config.HibernateConfiguration.dataSource(HibernateConfiguration.java:40)
	at com.cts.training.config.HibernateConfiguration.dataSource(HibernateConfiguration.java:40)
	at com.cts.training.config.HibernateConfiguration.dataSource(HibernateConfiguration.java:40)
	at com.cts.training.config.HibernateConfiguration.dataSource(HibernateConfiguration.java:40)
	at com.cts.training.config.HibernateConfiguration.dataSource(HibernateConfiguration.java:40)
	at com.cts.training.config.HibernateConfiguration.dataSource(HibernateConfiguration.java:40)
	at com.cts.training.config.HibernateConfiguration.dataSource(HibernateConfiguration.java:40)
	at com.cts.training.config.HibernateConfiguration.dataSource(HibernateConfiguration.java:40)
	at com.cts.training.config.HibernateConfiguration.dataSource(HibernateConfiguration.java:40)
	at com.cts.training.config.HibernateConfiguration.dataSource(HibernateConfiguration.java:40)
	at com.cts.training.config.HibernateConfiguration.dataSource(HibernateConfiguration.java:40)
	at com.cts.training.config.HibernateConfiguration.dataSource(HibernateConfiguration.java:40)
	at com.cts.training.config.HibernateConfiguration.dataSource(HibernateConfiguration.java:40)
	at com.cts.training.config.HibernateConfiguration.dataSource(HibernateConfiguration.java:40)
	at com.cts.training.config.HibernateConfiguration.dataSource(HibernateConfiguration.java:40)
	at com.cts.training.config.HibernateConfiguration.dataSource(HibernateConfiguration.java:40)
	at com.cts.training.config.HibernateConfiguration.dataSource(HibernateConfiguration.java:40)
	at com.cts.training.config.HibernateConfiguration.dataSource(HibernateConfiguration.java:40)
	at com.cts.training.config.HibernateConfiguration.dataSource(HibernateConfiguration.java:40)
	at com.cts.training.config.HibernateConfiguration.dataSource(HibernateConfiguration.java:40)
	at com.cts.training.config.HibernateConfiguration.dataSource(HibernateConfiguration.java:40)
	at com.cts.training.config.HibernateConfiguration.dataSource(HibernateConfiguration.java:40)
	at com.cts.training.config.HibernateConfiguration.dataSource(HibernateConfiguration.java:40)
	at com.cts.training.config.HibernateConfiguration.dataSource(HibernateConfiguration.java:40)
	at com.cts.training.config.HibernateConfiguration.dataSource(HibernateConfiguration.java:40)
	at com.cts.training.config.HibernateConfiguration.dataSource(HibernateConfiguration.java:40)
	at com.cts.training.config.HibernateConfiguration.dataSource(HibernateConfiguration.java:40)
	at com.cts.training.config.HibernateConfiguration.dataSource(HibernateConfiguration.java:40)
	at com.cts.training.config.HibernateConfiguration.dataSource(HibernateConfiguration.java:40)
	at com.cts.training.config.HibernateConfiguration.dataSource(HibernateConfiguration.java:40)
	at com.cts.training.config.HibernateConfiguration.dataSource(HibernateConfiguration.java:40)
	at com.cts.training.config.HibernateConfiguration.dataSource(HibernateConfiguration.java:40)
	at com.cts.training.config.HibernateConfiguration.dataSource(HibernateConfiguration.java:40)
	at com.cts.training.config.HibernateConfiguration.dataSource(HibernateConfiguration.java:40)
	at com.cts.training.config.HibernateConfiguration.dataSource(HibernateConfiguration.java:40)
	at com.cts.training.config.HibernateConfiguration.dataSource(HibernateConfiguration.java:40)
	at com.cts.training.config.HibernateConfiguration.dataSource(HibernateConfiguration.java:40)
	at com.cts.training.config.HibernateConfiguration.dataSource(HibernateConfiguration.java:40)
	at com.cts.training.config.HibernateConfiguration.dataSource(HibernateConfiguration.java:40)
	at com.cts.training.config.HibernateConfiguration.dataSource(HibernateConfiguration.java:40)
	at com.cts.training.config.HibernateConfiguration.dataSource(HibernateConfiguration.java:40)
	at com.cts.training.config.HibernateConfiguration.dataSource(HibernateConfiguration.java:40)
	at com.cts.training.config.HibernateConfiguration.dataSource(HibernateConfiguration.java:40)
	at com.cts.training.config.HibernateConfiguration.dataSource(HibernateConfiguration.java:40)
	at com.cts.training.config.HibernateConfiguration.dataSource(HibernateConfiguration.java:40)
	at com.cts.training.config.HibernateConfiguration.dataSource(HibernateConfiguration.java:40)
	at com.cts.training.config.HibernateConfiguration.dataSource(HibernateConfiguration.java:40)
	at com.cts.training.config.HibernateConfiguration.dataSource(HibernateConfiguration.java:40)
	at com.cts.training.config.HibernateConfiguration.dataSource(HibernateConfiguration.java:40)
	at com.cts.training.config.HibernateConfiguration.dataSource(HibernateConfiguration.java:40)
	at com.cts.training.config.HibernateConfiguration.dataSource(HibernateConfiguration.java:40)
	at com.cts.training.config.HibernateConfiguration.dataSource(HibernateConfiguration.java:40)
	at com.cts.training.config.HibernateConfiguration.dataSource(HibernateConfiguration.java:40)
	at com.cts.training.config.HibernateConfiguration.dataSource(HibernateConfiguration.java:40)
	at com.cts.training.config.HibernateConfiguration.dataSource(HibernateConfiguration.java:40)
	at com.cts.training.config.HibernateConfiguration.dataSource(HibernateConfiguration.java:40)
	at com.cts.training.config.HibernateConfiguration.dataSource(HibernateConfiguration.java:40)
	at com.cts.training.config.HibernateConfiguration.dataSource(HibernateConfiguration.java:40)
	at com.cts.training.config.HibernateConfiguration.dataSource(HibernateConfiguration.java:40)
	at com.cts.training.config.HibernateConfiguration.dataSource(HibernateConfiguration.java:40)
	at com.cts.training.config.HibernateConfiguration.dataSource(HibernateConfiguration.java:40)
	at com.cts.training.config.HibernateConfiguration.dataSource(HibernateConfiguration.java:40)
	at com.cts.training.config.HibernateConfiguration.dataSource(HibernateConfiguration.java:40)
	at com.cts.training.config.HibernateConfiguration.dataSource(HibernateConfiguration.java:40)
	at com.cts.training.config.HibernateConfiguration.dataSource(HibernateConfiguration.java:40)
	at com.cts.training.config.HibernateConfiguration.dataSource(HibernateConfiguration.java:40)
	at com.cts.training.config.HibernateConfiguration.dataSource(HibernateConfiguration.java:40)
	at com.cts.training.config.HibernateConfiguration.dataSource(HibernateConfiguration.java:40)
	at com.cts.training.config.HibernateConfiguration.dataSource(HibernateConfiguration.java:40)
	at com.cts.training.config.HibernateConfiguration.dataSource(HibernateConfiguration.java:40)
	at com.cts.training.config.HibernateConfiguration.dataSource(HibernateConfiguration.java:40)
	at com.cts.training.config.HibernateConfiguration.dataSource(HibernateConfiguration.java:40)
	at com.cts.training.config.HibernateConfiguration.dataSource(HibernateConfiguration.java:40)
	at com.cts.training.config.HibernateConfiguration.dataSource(HibernateConfiguration.java:40)
	at com.cts.training.config.HibernateConfiguration.dataSource(HibernateConfiguration.java:40)
	at com.cts.training.config.HibernateConfiguration.dataSource(HibernateConfiguration.java:40)
	at com.cts.training.config.HibernateConfiguration.dataSource(HibernateConfiguration.java:40)
	at com.cts.training.config.HibernateConfiguration.dataSource(HibernateConfiguration.java:40)
	at com.cts.training.config.HibernateConfiguration.dataSource(HibernateConfiguration.java:40)
	at com.cts.training.config.HibernateConfiguration.dataSource(HibernateConfiguration.java:40)
	at com.cts.training.config.HibernateConfiguration.dataSource(HibernateConfiguration.java:40)
	at com.cts.training.config.HibernateConfiguration.dataSource(HibernateConfiguration.java:40)
	at com.cts.training.config.HibernateConfiguration.dataSource(HibernateConfiguration.java:40)
	at com.cts.training.config.HibernateConfiguration.dataSource(HibernateConfiguration.java:40)
	at com.cts.training.config.HibernateConfiguration.dataSource(HibernateConfiguration.java:40)
	at com.cts.training.config.HibernateConfiguration.dataSource(HibernateConfiguration.java:40)
	at com.cts.training.config.HibernateConfiguration.dataSource(HibernateConfiguration.java:40)
	at com.cts.training.config.HibernateConfiguration.dataSource(HibernateConfiguration.java:40)
	at com.cts.training.config.HibernateConfiguration.dataSource(HibernateConfiguration.java:40)
	at com.cts.training.config.HibernateConfiguration.dataSource(HibernateConfiguration.java:40)
	at com.cts.training.config.HibernateConfiguration.dataSource(HibernateConfiguration.java:40)
	at com.cts.training.config.HibernateConfiguration.dataSource(HibernateConfiguration.java:40)
	at com.cts.training.config.HibernateConfiguration.dataSource(HibernateConfiguration.java:40)
	at com.cts.training.config.HibernateConfiguration.dataSource(HibernateConfiguration.java:40)
	at com.cts.training.config.HibernateConfiguration.dataSource(HibernateConfiguration.java:40)
	at com.cts.training.config.HibernateConfiguration.dataSource(HibernateConfiguration.java:40)
	at com.cts.training.config.HibernateConfiguration.dataSource(HibernateConfiguration.java:40)
	at com.cts.training.config.HibernateConfiguration.dataSource(HibernateConfiguration.java:40)
	at com.cts.training.config.HibernateConfiguration.dataSource(HibernateConfiguration.java:40)
	at com.cts.training.config.HibernateConfiguration.dataSource(HibernateConfiguration.java:40)
	at com.cts.training.config.HibernateConfiguration.dataSource(HibernateConfiguration.java:40)
	at com.cts.training.config.HibernateConfiguration.dataSource(HibernateConfiguration.java:40)
	at com.cts.training.config.HibernateConfiguration.dataSource(HibernateConfiguration.java:40)
	at com.cts.training.config.HibernateConfiguration.dataSource(HibernateConfiguration.java:40)
	at com.cts.training.config.HibernateConfiguration.dataSource(HibernateConfiguration.java:40)
	at com.cts.training.config.HibernateConfiguration.dataSource(HibernateConfiguration.java:40)
	at com.cts.training.config.HibernateConfiguration.dataSource(HibernateConfiguration.java:40)
</error>
    <system-err>Feb 10, 2020 3:09:02 PM org.springframework.context.support.AbstractApplicationContext refresh
WARNING: Exception encountered during context initialization - cancelling refresh attempt: org.springframework.beans.factory.UnsatisfiedDependencyException: Error creating bean with name &apos;userDAO&apos;: Unsatisfied dependency expressed through field &apos;sessionFactory&apos;; nested exception is org.springframework.beans.factory.BeanCreationException: Error creating bean with name &apos;sessionFactory&apos; defined in com.cts.training.config.HibernateConfiguration: Bean instantiation via factory method failed; nested exception is org.springframework.beans.BeanInstantiationException: Failed to instantiate [org.springframework.orm.hibernate5.LocalSessionFactoryBean]: Factory method &apos;sessionFactory&apos; threw exception; nested exception is java.lang.StackOverflowError
</system-err>
  </testcase>
</testsuite>